<?xml version="1.0" encoding="UTF-8"?>
<!-- Generated by org.testng.reporters.JUnitXMLReporter -->
<testsuite ignored="4" hostname="LLGDPF39JBHS" failures="0" tests="8" name="Command line test" time="23.822" errors="0" timestamp="2023-03-07T12:13:17 CET">
  <testcase classname="com.qa.opencart.base.BaseTest" name="@BeforeTest setup" time="23.762">
    <failure type="com.microsoft.playwright.PlaywrightException" message="Error {
  message=&amp;apos;WebSocket error: connect ETIMEDOUT 172.18.0.4:4444
=========================== logs ===========================
&amp;lt;selenium&amp;gt; connecting to http://localhost:4444/wd/hub/
&amp;lt;selenium&amp;gt; connected to sessionId=3080c41bc70178e340a5e7b893b837d2
&amp;lt;selenium&amp;gt; using selenium v4
&amp;lt;selenium&amp;gt; retrieved endpoint ws://172.18.0.4:4444/session/3080c41bc70178e340a5e7b893b837d2/se/cdp for sessionId=3080c41bc70178e340a5e7b893b837d2
&amp;lt;ws connecting&amp;gt; ws://172.18.0.4:4444/session/3080c41bc70178e340a5e7b893b837d2/se/cdp
&amp;lt;ws error&amp;gt; error connect ETIMEDOUT 172.18.0.4:4444
&amp;lt;ws connect error&amp;gt; ws://172.18.0.4:4444/session/3080c41bc70178e340a5e7b893b837d2/se/cdp connect ETIMEDOUT 172.18.0.4:4444
&amp;lt;ws disconnected&amp;gt; ws://172.18.0.4:4444/session/3080c41bc70178e340a5e7b893b837d2/se/cdp code=1006 reason=
&amp;lt;selenium&amp;gt; disconnecting from sessionId=3080c41bc70178e340a5e7b893b837d2
&amp;lt;selenium&amp;gt; disconnected from sessionId=3080c41bc70178e340a5e7b893b837d2
============================================================
  name=&amp;apos;Error
  stack=&amp;apos;Error: WebSocket error: connect ETIMEDOUT 172.18.0.4:4444
=========================== logs ===========================
&amp;lt;selenium&amp;gt; connecting to http://localhost:4444/wd/hub/
&amp;lt;selenium&amp;gt; connected to sessionId=3080c41bc70178e340a5e7b893b837d2
&amp;lt;selenium&amp;gt; using selenium v4
&amp;lt;selenium&amp;gt; retrieved endpoint ws://172.18.0.4:4444/session/3080c41bc70178e340a5e7b893b837d2/se/cdp for sessionId=3080c41bc70178e340a5e7b893b837d2
&amp;lt;ws connecting&amp;gt; ws://172.18.0.4:4444/session/3080c41bc70178e340a5e7b893b837d2/se/cdp
&amp;lt;ws error&amp;gt; error connect ETIMEDOUT 172.18.0.4:4444
&amp;lt;ws connect error&amp;gt; ws://172.18.0.4:4444/session/3080c41bc70178e340a5e7b893b837d2/se/cdp connect ETIMEDOUT 172.18.0.4:4444
&amp;lt;ws disconnected&amp;gt; ws://172.18.0.4:4444/session/3080c41bc70178e340a5e7b893b837d2/se/cdp code=1006 reason=
&amp;lt;selenium&amp;gt; disconnecting from sessionId=3080c41bc70178e340a5e7b893b837d2
&amp;lt;selenium&amp;gt; disconnected from sessionId=3080c41bc70178e340a5e7b893b837d2
============================================================
    at X.&amp;lt;anonymous&amp;gt; (C:\Users\JAKUB~1.KAM\AppData\Local\Temp\playwright-java-2814679447285941336\package\lib\server\transport.js:44:16)
    at X.r (C:\Users\JAKUB~1.KAM\AppData\Local\Temp\playwright-java-2814679447285941336\package\lib\utilsBundleImpl.js:38:24151)
    at X.emit (node:events:525:35)
    at fo (C:\Users\JAKUB~1.KAM\AppData\Local\Temp\playwright-java-2814679447285941336\package\lib\utilsBundleImpl.js:38:36211)
    at ClientRequest.&amp;lt;anonymous&amp;gt; (C:\Users\JAKUB~1.KAM\AppData\Local\Temp\playwright-java-2814679447285941336\package\lib\utilsBundleImpl.js:38:34667)
    at ClientRequest.emit (node:events:513:28)
    at Socket.socketErrorListener (node:_http_client:481:9)
    at Socket.emit (node:events:513:28)
    at emitErrorNT (node:internal/streams/destroy:157:8)
    at emitErrorCloseNT (node:internal/streams/destroy:122:3)
}">
      <![CDATA[com.microsoft.playwright.PlaywrightException: Error {
  message='WebSocket error: connect ETIMEDOUT 172.18.0.4:4444
=========================== logs ===========================
<selenium> connecting to http://localhost:4444/wd/hub/
<selenium> connected to sessionId=3080c41bc70178e340a5e7b893b837d2
<selenium> using selenium v4
<selenium> retrieved endpoint ws://172.18.0.4:4444/session/3080c41bc70178e340a5e7b893b837d2/se/cdp for sessionId=3080c41bc70178e340a5e7b893b837d2
<ws connecting> ws://172.18.0.4:4444/session/3080c41bc70178e340a5e7b893b837d2/se/cdp
<ws error> error connect ETIMEDOUT 172.18.0.4:4444
<ws connect error> ws://172.18.0.4:4444/session/3080c41bc70178e340a5e7b893b837d2/se/cdp connect ETIMEDOUT 172.18.0.4:4444
<ws disconnected> ws://172.18.0.4:4444/session/3080c41bc70178e340a5e7b893b837d2/se/cdp code=1006 reason=
<selenium> disconnecting from sessionId=3080c41bc70178e340a5e7b893b837d2
<selenium> disconnected from sessionId=3080c41bc70178e340a5e7b893b837d2
============================================================
  name='Error
  stack='Error: WebSocket error: connect ETIMEDOUT 172.18.0.4:4444
=========================== logs ===========================
<selenium> connecting to http://localhost:4444/wd/hub/
<selenium> connected to sessionId=3080c41bc70178e340a5e7b893b837d2
<selenium> using selenium v4
<selenium> retrieved endpoint ws://172.18.0.4:4444/session/3080c41bc70178e340a5e7b893b837d2/se/cdp for sessionId=3080c41bc70178e340a5e7b893b837d2
<ws connecting> ws://172.18.0.4:4444/session/3080c41bc70178e340a5e7b893b837d2/se/cdp
<ws error> error connect ETIMEDOUT 172.18.0.4:4444
<ws connect error> ws://172.18.0.4:4444/session/3080c41bc70178e340a5e7b893b837d2/se/cdp connect ETIMEDOUT 172.18.0.4:4444
<ws disconnected> ws://172.18.0.4:4444/session/3080c41bc70178e340a5e7b893b837d2/se/cdp code=1006 reason=
<selenium> disconnecting from sessionId=3080c41bc70178e340a5e7b893b837d2
<selenium> disconnected from sessionId=3080c41bc70178e340a5e7b893b837d2
============================================================
    at X.<anonymous> (C:\Users\JAKUB~1.KAM\AppData\Local\Temp\playwright-java-2814679447285941336\package\lib\server\transport.js:44:16)
    at X.r (C:\Users\JAKUB~1.KAM\AppData\Local\Temp\playwright-java-2814679447285941336\package\lib\utilsBundleImpl.js:38:24151)
    at X.emit (node:events:525:35)
    at fo (C:\Users\JAKUB~1.KAM\AppData\Local\Temp\playwright-java-2814679447285941336\package\lib\utilsBundleImpl.js:38:36211)
    at ClientRequest.<anonymous> (C:\Users\JAKUB~1.KAM\AppData\Local\Temp\playwright-java-2814679447285941336\package\lib\utilsBundleImpl.js:38:34667)
    at ClientRequest.emit (node:events:513:28)
    at Socket.socketErrorListener (node:_http_client:481:9)
    at Socket.emit (node:events:513:28)
    at emitErrorNT (node:internal/streams/destroy:157:8)
    at emitErrorCloseNT (node:internal/streams/destroy:122:3)
}
at com.microsoft.playwright.impl.WaitableResult.get(WaitableResult.java:54)
at com.microsoft.playwright.impl.ChannelOwner.runUntil(ChannelOwner.java:111)
at com.microsoft.playwright.impl.Connection.sendMessage(Connection.java:108)
at com.microsoft.playwright.impl.ChannelOwner.sendMessage(ChannelOwner.java:102)
at com.microsoft.playwright.impl.BrowserTypeImpl.launchImpl(BrowserTypeImpl.java:52)
at com.microsoft.playwright.impl.BrowserTypeImpl.lambda$launch$0(BrowserTypeImpl.java:44)
at com.microsoft.playwright.impl.LoggingSupport.withLogging(LoggingSupport.java:47)
at com.microsoft.playwright.impl.ChannelOwner.withLogging(ChannelOwner.java:87)
at com.microsoft.playwright.impl.BrowserTypeImpl.launch(BrowserTypeImpl.java:44)
at com.microsoft.playwright.impl.BrowserTypeImpl.launch(BrowserTypeImpl.java:35)
at com.qa.opencart.factory.PlaywrightFactory.initBrowser(PlaywrightFactory.java:57)
at com.qa.opencart.base.BaseTest.setup(BaseTest.java:26)
Caused by: com.microsoft.playwright.impl.DriverException: Error {
  message='WebSocket error: connect ETIMEDOUT 172.18.0.4:4444
=========================== logs ===========================
<selenium> connecting to http://localhost:4444/wd/hub/
<selenium> connected to sessionId=3080c41bc70178e340a5e7b893b837d2
<selenium> using selenium v4
<selenium> retrieved endpoint ws://172.18.0.4:4444/session/3080c41bc70178e340a5e7b893b837d2/se/cdp for sessionId=3080c41bc70178e340a5e7b893b837d2
<ws connecting> ws://172.18.0.4:4444/session/3080c41bc70178e340a5e7b893b837d2/se/cdp
<ws error> error connect ETIMEDOUT 172.18.0.4:4444
<ws connect error> ws://172.18.0.4:4444/session/3080c41bc70178e340a5e7b893b837d2/se/cdp connect ETIMEDOUT 172.18.0.4:4444
<ws disconnected> ws://172.18.0.4:4444/session/3080c41bc70178e340a5e7b893b837d2/se/cdp code=1006 reason=
<selenium> disconnecting from sessionId=3080c41bc70178e340a5e7b893b837d2
<selenium> disconnected from sessionId=3080c41bc70178e340a5e7b893b837d2
============================================================
  name='Error
  stack='Error: WebSocket error: connect ETIMEDOUT 172.18.0.4:4444
=========================== logs ===========================
<selenium> connecting to http://localhost:4444/wd/hub/
<selenium> connected to sessionId=3080c41bc70178e340a5e7b893b837d2
<selenium> using selenium v4
<selenium> retrieved endpoint ws://172.18.0.4:4444/session/3080c41bc70178e340a5e7b893b837d2/se/cdp for sessionId=3080c41bc70178e340a5e7b893b837d2
<ws connecting> ws://172.18.0.4:4444/session/3080c41bc70178e340a5e7b893b837d2/se/cdp
<ws error> error connect ETIMEDOUT 172.18.0.4:4444
<ws connect error> ws://172.18.0.4:4444/session/3080c41bc70178e340a5e7b893b837d2/se/cdp connect ETIMEDOUT 172.18.0.4:4444
<ws disconnected> ws://172.18.0.4:4444/session/3080c41bc70178e340a5e7b893b837d2/se/cdp code=1006 reason=
<selenium> disconnecting from sessionId=3080c41bc70178e340a5e7b893b837d2
<selenium> disconnected from sessionId=3080c41bc70178e340a5e7b893b837d2
============================================================
    at X.<anonymous> (C:\Users\JAKUB~1.KAM\AppData\Local\Temp\playwright-java-2814679447285941336\package\lib\server\transport.js:44:16)
    at X.r (C:\Users\JAKUB~1.KAM\AppData\Local\Temp\playwright-java-2814679447285941336\package\lib\utilsBundleImpl.js:38:24151)
    at X.emit (node:events:525:35)
    at fo (C:\Users\JAKUB~1.KAM\AppData\Local\Temp\playwright-java-2814679447285941336\package\lib\utilsBundleImpl.js:38:36211)
    at ClientRequest.<anonymous> (C:\Users\JAKUB~1.KAM\AppData\Local\Temp\playwright-java-2814679447285941336\package\lib\utilsBundleImpl.js:38:34667)
    at ClientRequest.emit (node:events:513:28)
    at Socket.socketErrorListener (node:_http_client:481:9)
    at Socket.emit (node:events:513:28)
    at emitErrorNT (node:internal/streams/destroy:157:8)
    at emitErrorCloseNT (node:internal/streams/destroy:122:3)
}
at com.microsoft.playwright.impl.Connection.dispatch(Connection.java:190)
at com.microsoft.playwright.impl.Connection.processOneMessage(Connection.java:170)
at com.microsoft.playwright.impl.ChannelOwner.runUntil(ChannelOwner.java:109)
... 44 more
... Removed 34 stack frames]]>
    </failure>
  </testcase> <!-- @BeforeTest setup -->
  <testcase classname="com.qa.opencart.base.BaseTest" name="@AfterTest tearDown" time="0.0">
    <skipped/>
  </testcase> <!-- @AfterTest tearDown -->
  <testcase classname="com.qa.opencart.tests.HomePageTest" name="homePageTitleTest" time="0.0">
    <skipped/>
  </testcase> <!-- homePageTitleTest -->
  <testcase classname="com.qa.opencart.tests.HomePageTest" name="homePageURLTest" time="0.0">
    <skipped/>
  </testcase> <!-- homePageURLTest -->
  <testcase classname="com.qa.opencart.tests.HomePageTest" name="searchTest" time="0.0">
    <skipped/>
  </testcase> <!-- searchTest -->
  <testcase classname="com.qa.opencart.tests.HomePageTest" name="searchTest" time="0.0">
    <skipped/>
  </testcase> <!-- searchTest -->
  <testcase classname="com.qa.opencart.tests.HomePageTest" name="searchTest" time="0.0">
    <skipped/>
  </testcase> <!-- searchTest -->
  <testcase classname="com.qa.opencart.tests.LoginPageTest" name="loginPageNavigationTest" time="0.0">
    <skipped/>
  </testcase> <!-- loginPageNavigationTest -->
  <testcase classname="com.qa.opencart.tests.LoginPageTest" name="forgotPwdLinkExistTest" time="0.0">
    <skipped/>
  </testcase> <!-- forgotPwdLinkExistTest -->
  <testcase classname="com.qa.opencart.tests.LoginPageTest" name="appLoginTest" time="0.0">
    <skipped/>
  </testcase> <!-- appLoginTest -->
  <testcase classname="com.qa.opencart.base.BaseTest" name="@AfterTest tearDown" time="0.0">
    <ignored/>
  </testcase> <!-- @AfterTest tearDown -->
  <testcase classname="com.qa.opencart.base.BaseTest" name="@BeforeTest setup" time="0.0">
    <ignored/>
  </testcase> <!-- @BeforeTest setup -->
  <testcase classname="com.qa.opencart.base.BaseTest" name="@BeforeTest setup" time="0.0">
    <ignored/>
  </testcase> <!-- @BeforeTest setup -->
  <testcase classname="com.qa.opencart.base.BaseTest" name="@AfterTest tearDown" time="0.0">
    <ignored/>
  </testcase> <!-- @AfterTest tearDown -->
</testsuite> <!-- Command line test -->
