<?xml version="1.0" encoding="UTF-8" ?>
<testsuite tests="10" failures="1" name="TestSuite" time="24.039" errors="0" skipped="9">
  <properties>
[...]
</properties>
  <testcase classname="com.qa.opencart.base.BaseTest" name="setup" time="24.039">
    <failure message="Error {
  message=&apos;WebSocket error: connect ETIMEDOUT 172.18.0.4:4444
=========================== logs ===========================
&lt;selenium&gt; connecting to http://localhost:4444/wd/hub/
&lt;selenium&gt; connected to sessionId=3080c41bc70178e340a5e7b893b837d2
&lt;selenium&gt; using selenium v4
&lt;selenium&gt; retrieved endpoint ws://172.18.0.4:4444/session/3080c41bc70178e340a5e7b893b837d2/se/cdp for sessionId=3080c41bc70178e340a5e7b893b837d2
&lt;ws connecting&gt; ws://172.18.0.4:4444/session/3080c41bc70178e340a5e7b893b837d2/se/cdp
&lt;ws error&gt; error connect ETIMEDOUT 172.18.0.4:4444
&lt;ws connect error&gt; ws://172.18.0.4:4444/session/3080c41bc70178e340a5e7b893b837d2/se/cdp connect ETIMEDOUT 172.18.0.4:4444
&lt;ws disconnected&gt; ws://172.18.0.4:4444/session/3080c41bc70178e340a5e7b893b837d2/se/cdp code=1006 reason=
&lt;selenium&gt; disconnecting from sessionId=3080c41bc70178e340a5e7b893b837d2
&lt;selenium&gt; disconnected from sessionId=3080c41bc70178e340a5e7b893b837d2
============================================================
  name=&apos;Error
  stack=&apos;Error: WebSocket error: connect ETIMEDOUT 172.18.0.4:4444
=========================== logs ===========================
&lt;selenium&gt; connecting to http://localhost:4444/wd/hub/
&lt;selenium&gt; connected to sessionId=3080c41bc70178e340a5e7b893b837d2
&lt;selenium&gt; using selenium v4
&lt;selenium&gt; retrieved endpoint ws://172.18.0.4:4444/session/3080c41bc70178e340a5e7b893b837d2/se/cdp for sessionId=3080c41bc70178e340a5e7b893b837d2
&lt;ws connecting&gt; ws://172.18.0.4:4444/session/3080c41bc70178e340a5e7b893b837d2/se/cdp
&lt;ws error&gt; error connect ETIMEDOUT 172.18.0.4:4444
&lt;ws connect error&gt; ws://172.18.0.4:4444/session/3080c41bc70178e340a5e7b893b837d2/se/cdp connect ETIMEDOUT 172.18.0.4:4444
&lt;ws disconnected&gt; ws://172.18.0.4:4444/session/3080c41bc70178e340a5e7b893b837d2/se/cdp code=1006 reason=
&lt;selenium&gt; disconnecting from sessionId=3080c41bc70178e340a5e7b893b837d2
&lt;selenium&gt; disconnected from sessionId=3080c41bc70178e340a5e7b893b837d2
============================================================
    at X.&lt;anonymous&gt; (C:\Users\JAKUB~1.KAM\AppData\Local\Temp\playwright-java-2814679447285941336\package\lib\server\transport.js:44:16)
    at X.r (C:\Users\JAKUB~1.KAM\AppData\Local\Temp\playwright-java-2814679447285941336\package\lib\utilsBundleImpl.js:38:24151)
    at X.emit (node:events:525:35)
    at fo (C:\Users\JAKUB~1.KAM\AppData\Local\Temp\playwright-java-2814679447285941336\package\lib\utilsBundleImpl.js:38:36211)
    at ClientRequest.&lt;anonymous&gt; (C:\Users\JAKUB~1.KAM\AppData\Local\Temp\playwright-java-2814679447285941336\package\lib\utilsBundleImpl.js:38:34667)
    at ClientRequest.emit (node:events:513:28)
    at Socket.socketErrorListener (node:_http_client:481:9)
    at Socket.emit (node:events:513:28)
    at emitErrorNT (node:internal/streams/destroy:157:8)
    at emitErrorCloseNT (node:internal/streams/destroy:122:3)
}" type="com.microsoft.playwright.PlaywrightException">com.microsoft.playwright.PlaywrightException: Error {
  message=&apos;WebSocket error: connect ETIMEDOUT 172.18.0.4:4444
=========================== logs ===========================
&lt;selenium&gt; connecting to http://localhost:4444/wd/hub/
&lt;selenium&gt; connected to sessionId=3080c41bc70178e340a5e7b893b837d2
&lt;selenium&gt; using selenium v4
&lt;selenium&gt; retrieved endpoint ws://172.18.0.4:4444/session/3080c41bc70178e340a5e7b893b837d2/se/cdp for sessionId=3080c41bc70178e340a5e7b893b837d2
&lt;ws connecting&gt; ws://172.18.0.4:4444/session/3080c41bc70178e340a5e7b893b837d2/se/cdp
&lt;ws error&gt; error connect ETIMEDOUT 172.18.0.4:4444
&lt;ws connect error&gt; ws://172.18.0.4:4444/session/3080c41bc70178e340a5e7b893b837d2/se/cdp connect ETIMEDOUT 172.18.0.4:4444
&lt;ws disconnected&gt; ws://172.18.0.4:4444/session/3080c41bc70178e340a5e7b893b837d2/se/cdp code=1006 reason=
&lt;selenium&gt; disconnecting from sessionId=3080c41bc70178e340a5e7b893b837d2
&lt;selenium&gt; disconnected from sessionId=3080c41bc70178e340a5e7b893b837d2
============================================================
  name=&apos;Error
  stack=&apos;Error: WebSocket error: connect ETIMEDOUT 172.18.0.4:4444
=========================== logs ===========================
&lt;selenium&gt; connecting to http://localhost:4444/wd/hub/
&lt;selenium&gt; connected to sessionId=3080c41bc70178e340a5e7b893b837d2
&lt;selenium&gt; using selenium v4
&lt;selenium&gt; retrieved endpoint ws://172.18.0.4:4444/session/3080c41bc70178e340a5e7b893b837d2/se/cdp for sessionId=3080c41bc70178e340a5e7b893b837d2
&lt;ws connecting&gt; ws://172.18.0.4:4444/session/3080c41bc70178e340a5e7b893b837d2/se/cdp
&lt;ws error&gt; error connect ETIMEDOUT 172.18.0.4:4444
&lt;ws connect error&gt; ws://172.18.0.4:4444/session/3080c41bc70178e340a5e7b893b837d2/se/cdp connect ETIMEDOUT 172.18.0.4:4444
&lt;ws disconnected&gt; ws://172.18.0.4:4444/session/3080c41bc70178e340a5e7b893b837d2/se/cdp code=1006 reason=
&lt;selenium&gt; disconnecting from sessionId=3080c41bc70178e340a5e7b893b837d2
&lt;selenium&gt; disconnected from sessionId=3080c41bc70178e340a5e7b893b837d2
============================================================
    at X.&lt;anonymous&gt; (C:\Users\JAKUB~1.KAM\AppData\Local\Temp\playwright-java-2814679447285941336\package\lib\server\transport.js:44:16)
    at X.r (C:\Users\JAKUB~1.KAM\AppData\Local\Temp\playwright-java-2814679447285941336\package\lib\utilsBundleImpl.js:38:24151)
    at X.emit (node:events:525:35)
    at fo (C:\Users\JAKUB~1.KAM\AppData\Local\Temp\playwright-java-2814679447285941336\package\lib\utilsBundleImpl.js:38:36211)
    at ClientRequest.&lt;anonymous&gt; (C:\Users\JAKUB~1.KAM\AppData\Local\Temp\playwright-java-2814679447285941336\package\lib\utilsBundleImpl.js:38:34667)
    at ClientRequest.emit (node:events:513:28)
    at Socket.socketErrorListener (node:_http_client:481:9)
    at Socket.emit (node:events:513:28)
    at emitErrorNT (node:internal/streams/destroy:157:8)
    at emitErrorCloseNT (node:internal/streams/destroy:122:3)
}
	at com.microsoft.playwright.impl.WaitableResult.get(WaitableResult.java:54)
	at com.microsoft.playwright.impl.ChannelOwner.runUntil(ChannelOwner.java:111)
	at com.microsoft.playwright.impl.Connection.sendMessage(Connection.java:108)
	at com.microsoft.playwright.impl.ChannelOwner.sendMessage(ChannelOwner.java:102)
	at com.microsoft.playwright.impl.BrowserTypeImpl.launchImpl(BrowserTypeImpl.java:52)
	at com.microsoft.playwright.impl.BrowserTypeImpl.lambda$launch$0(BrowserTypeImpl.java:44)
	at com.microsoft.playwright.impl.LoggingSupport.withLogging(LoggingSupport.java:47)
	at com.microsoft.playwright.impl.ChannelOwner.withLogging(ChannelOwner.java:87)
	at com.microsoft.playwright.impl.BrowserTypeImpl.launch(BrowserTypeImpl.java:44)
	at com.microsoft.playwright.impl.BrowserTypeImpl.launch(BrowserTypeImpl.java:35)
	at com.qa.opencart.factory.PlaywrightFactory.initBrowser(PlaywrightFactory.java:57)
	at com.qa.opencart.base.BaseTest.setup(BaseTest.java:26)
Caused by: com.microsoft.playwright.impl.DriverException: Error {
  message=&apos;WebSocket error: connect ETIMEDOUT 172.18.0.4:4444
=========================== logs ===========================
&lt;selenium&gt; connecting to http://localhost:4444/wd/hub/
&lt;selenium&gt; connected to sessionId=3080c41bc70178e340a5e7b893b837d2
&lt;selenium&gt; using selenium v4
&lt;selenium&gt; retrieved endpoint ws://172.18.0.4:4444/session/3080c41bc70178e340a5e7b893b837d2/se/cdp for sessionId=3080c41bc70178e340a5e7b893b837d2
&lt;ws connecting&gt; ws://172.18.0.4:4444/session/3080c41bc70178e340a5e7b893b837d2/se/cdp
&lt;ws error&gt; error connect ETIMEDOUT 172.18.0.4:4444
&lt;ws connect error&gt; ws://172.18.0.4:4444/session/3080c41bc70178e340a5e7b893b837d2/se/cdp connect ETIMEDOUT 172.18.0.4:4444
&lt;ws disconnected&gt; ws://172.18.0.4:4444/session/3080c41bc70178e340a5e7b893b837d2/se/cdp code=1006 reason=
&lt;selenium&gt; disconnecting from sessionId=3080c41bc70178e340a5e7b893b837d2
&lt;selenium&gt; disconnected from sessionId=3080c41bc70178e340a5e7b893b837d2
============================================================
  name=&apos;Error
  stack=&apos;Error: WebSocket error: connect ETIMEDOUT 172.18.0.4:4444
=========================== logs ===========================
&lt;selenium&gt; connecting to http://localhost:4444/wd/hub/
&lt;selenium&gt; connected to sessionId=3080c41bc70178e340a5e7b893b837d2
&lt;selenium&gt; using selenium v4
&lt;selenium&gt; retrieved endpoint ws://172.18.0.4:4444/session/3080c41bc70178e340a5e7b893b837d2/se/cdp for sessionId=3080c41bc70178e340a5e7b893b837d2
&lt;ws connecting&gt; ws://172.18.0.4:4444/session/3080c41bc70178e340a5e7b893b837d2/se/cdp
&lt;ws error&gt; error connect ETIMEDOUT 172.18.0.4:4444
&lt;ws connect error&gt; ws://172.18.0.4:4444/session/3080c41bc70178e340a5e7b893b837d2/se/cdp connect ETIMEDOUT 172.18.0.4:4444
&lt;ws disconnected&gt; ws://172.18.0.4:4444/session/3080c41bc70178e340a5e7b893b837d2/se/cdp code=1006 reason=
&lt;selenium&gt; disconnecting from sessionId=3080c41bc70178e340a5e7b893b837d2
&lt;selenium&gt; disconnected from sessionId=3080c41bc70178e340a5e7b893b837d2
============================================================
    at X.&lt;anonymous&gt; (C:\Users\JAKUB~1.KAM\AppData\Local\Temp\playwright-java-2814679447285941336\package\lib\server\transport.js:44:16)
    at X.r (C:\Users\JAKUB~1.KAM\AppData\Local\Temp\playwright-java-2814679447285941336\package\lib\utilsBundleImpl.js:38:24151)
    at X.emit (node:events:525:35)
    at fo (C:\Users\JAKUB~1.KAM\AppData\Local\Temp\playwright-java-2814679447285941336\package\lib\utilsBundleImpl.js:38:36211)
    at ClientRequest.&lt;anonymous&gt; (C:\Users\JAKUB~1.KAM\AppData\Local\Temp\playwright-java-2814679447285941336\package\lib\utilsBundleImpl.js:38:34667)
    at ClientRequest.emit (node:events:513:28)
    at Socket.socketErrorListener (node:_http_client:481:9)
    at Socket.emit (node:events:513:28)
    at emitErrorNT (node:internal/streams/destroy:157:8)
    at emitErrorCloseNT (node:internal/streams/destroy:122:3)
}
	at com.microsoft.playwright.impl.Connection.dispatch(Connection.java:190)
	at com.microsoft.playwright.impl.Connection.processOneMessage(Connection.java:170)
	at com.microsoft.playwright.impl.ChannelOwner.runUntil(ChannelOwner.java:109)
	... 44 more
</failure>
    <system-out>Configuring TestNG with: org.apache.maven.surefire.testng.conf.TestNG652Configurator@725bef66
browser name is : chrome
</system-out>
  </testcase>
  <testcase classname="com.qa.opencart.tests.HomePageTest" name="homePageTitleTest" time="0">
    <skipped/>
  </testcase>
  <testcase classname="com.qa.opencart.tests.HomePageTest" name="homePageURLTest" time="0">
    <skipped/>
  </testcase>
  <testcase classname="com.qa.opencart.tests.HomePageTest" name="searchTest" time="0">
    <skipped/>
  </testcase>
  <testcase classname="com.qa.opencart.tests.HomePageTest" name="searchTest" time="0">
    <skipped/>
  </testcase>
  <testcase classname="com.qa.opencart.tests.HomePageTest" name="searchTest" time="0">
    <skipped/>
  </testcase>
  <testcase classname="com.qa.opencart.tests.LoginPageTest" name="loginPageNavigationTest" time="0">
    <skipped/>
  </testcase>
  <testcase classname="com.qa.opencart.tests.LoginPageTest" name="forgotPwdLinkExistTest" time="0">
    <skipped/>
  </testcase>
  <testcase classname="com.qa.opencart.tests.LoginPageTest" name="appLoginTest" time="0">
    <skipped/>
  </testcase>
  <testcase classname="com.qa.opencart.base.BaseTest" name="tearDown" time="0">
    <skipped/>
  </testcase>
</testsuite>