<?xml version="1.0" encoding="UTF-8"?>
<testng-results ignored="4" total="12" passed="0" failed="0" skipped="8">
  <reporter-output>
  </reporter-output>
  <suite started-at="2023-03-07T12:12:53 CET" name="Command line suite" finished-at="2023-03-07T12:13:17 CET" duration-ms="23822">
    <groups>
    </groups>
    <test started-at="2023-03-07T12:12:53 CET" name="Command line test" finished-at="2023-03-07T12:13:17 CET" duration-ms="23822">
      <class name="com.qa.opencart.base.BaseTest">
        <test-method is-config="true" signature="setup()[pri:0, instance:com.qa.opencart.base.BaseTest@6a79c292]" started-at="2023-03-07T12:12:53 CET" name="setup" finished-at="2023-03-07T12:13:17 CET" duration-ms="23762" status="FAIL">
          <exception class="com.microsoft.playwright.PlaywrightException">
            <message>
              <![CDATA[Error {
  message='WebSocket error: connect ETIMEDOUT 172.18.0.4:4444
=========================== logs ===========================
<selenium> connecting to http://localhost:4444/wd/hub/
<selenium> connected to sessionId=3080c41bc70178e340a5e7b893b837d2
<selenium> using selenium v4
<selenium> retrieved endpoint ws://172.18.0.4:4444/session/3080c41bc70178e340a5e7b893b837d2/se/cdp for sessionId=3080c41bc70178e340a5e7b893b837d2
<ws connecting> ws://172.18.0.4:4444/session/3080c41bc70178e340a5e7b893b837d2/se/cdp
<ws error> error connect ETIMEDOUT 172.18.0.4:4444
<ws connect error> ws://172.18.0.4:4444/session/3080c41bc70178e340a5e7b893b837d2/se/cdp connect ETIMEDOUT 172.18.0.4:4444
<ws disconnected> ws://172.18.0.4:4444/session/3080c41bc70178e340a5e7b893b837d2/se/cdp code=1006 reason=
<selenium> disconnecting from sessionId=3080c41bc70178e340a5e7b893b837d2
<selenium> disconnected from sessionId=3080c41bc70178e340a5e7b893b837d2
============================================================
  name='Error
  stack='Error: WebSocket error: connect ETIMEDOUT 172.18.0.4:4444
=========================== logs ===========================
<selenium> connecting to http://localhost:4444/wd/hub/
<selenium> connected to sessionId=3080c41bc70178e340a5e7b893b837d2
<selenium> using selenium v4
<selenium> retrieved endpoint ws://172.18.0.4:4444/session/3080c41bc70178e340a5e7b893b837d2/se/cdp for sessionId=3080c41bc70178e340a5e7b893b837d2
<ws connecting> ws://172.18.0.4:4444/session/3080c41bc70178e340a5e7b893b837d2/se/cdp
<ws error> error connect ETIMEDOUT 172.18.0.4:4444
<ws connect error> ws://172.18.0.4:4444/session/3080c41bc70178e340a5e7b893b837d2/se/cdp connect ETIMEDOUT 172.18.0.4:4444
<ws disconnected> ws://172.18.0.4:4444/session/3080c41bc70178e340a5e7b893b837d2/se/cdp code=1006 reason=
<selenium> disconnecting from sessionId=3080c41bc70178e340a5e7b893b837d2
<selenium> disconnected from sessionId=3080c41bc70178e340a5e7b893b837d2
============================================================
    at X.<anonymous> (C:\Users\JAKUB~1.KAM\AppData\Local\Temp\playwright-java-2814679447285941336\package\lib\server\transport.js:44:16)
    at X.r (C:\Users\JAKUB~1.KAM\AppData\Local\Temp\playwright-java-2814679447285941336\package\lib\utilsBundleImpl.js:38:24151)
    at X.emit (node:events:525:35)
    at fo (C:\Users\JAKUB~1.KAM\AppData\Local\Temp\playwright-java-2814679447285941336\package\lib\utilsBundleImpl.js:38:36211)
    at ClientRequest.<anonymous> (C:\Users\JAKUB~1.KAM\AppData\Local\Temp\playwright-java-2814679447285941336\package\lib\utilsBundleImpl.js:38:34667)
    at ClientRequest.emit (node:events:513:28)
    at Socket.socketErrorListener (node:_http_client:481:9)
    at Socket.emit (node:events:513:28)
    at emitErrorNT (node:internal/streams/destroy:157:8)
    at emitErrorCloseNT (node:internal/streams/destroy:122:3)
}]]>
            </message>
            <full-stacktrace>
              <![CDATA[com.microsoft.playwright.PlaywrightException: Error {
  message='WebSocket error: connect ETIMEDOUT 172.18.0.4:4444
=========================== logs ===========================
<selenium> connecting to http://localhost:4444/wd/hub/
<selenium> connected to sessionId=3080c41bc70178e340a5e7b893b837d2
<selenium> using selenium v4
<selenium> retrieved endpoint ws://172.18.0.4:4444/session/3080c41bc70178e340a5e7b893b837d2/se/cdp for sessionId=3080c41bc70178e340a5e7b893b837d2
<ws connecting> ws://172.18.0.4:4444/session/3080c41bc70178e340a5e7b893b837d2/se/cdp
<ws error> error connect ETIMEDOUT 172.18.0.4:4444
<ws connect error> ws://172.18.0.4:4444/session/3080c41bc70178e340a5e7b893b837d2/se/cdp connect ETIMEDOUT 172.18.0.4:4444
<ws disconnected> ws://172.18.0.4:4444/session/3080c41bc70178e340a5e7b893b837d2/se/cdp code=1006 reason=
<selenium> disconnecting from sessionId=3080c41bc70178e340a5e7b893b837d2
<selenium> disconnected from sessionId=3080c41bc70178e340a5e7b893b837d2
============================================================
  name='Error
  stack='Error: WebSocket error: connect ETIMEDOUT 172.18.0.4:4444
=========================== logs ===========================
<selenium> connecting to http://localhost:4444/wd/hub/
<selenium> connected to sessionId=3080c41bc70178e340a5e7b893b837d2
<selenium> using selenium v4
<selenium> retrieved endpoint ws://172.18.0.4:4444/session/3080c41bc70178e340a5e7b893b837d2/se/cdp for sessionId=3080c41bc70178e340a5e7b893b837d2
<ws connecting> ws://172.18.0.4:4444/session/3080c41bc70178e340a5e7b893b837d2/se/cdp
<ws error> error connect ETIMEDOUT 172.18.0.4:4444
<ws connect error> ws://172.18.0.4:4444/session/3080c41bc70178e340a5e7b893b837d2/se/cdp connect ETIMEDOUT 172.18.0.4:4444
<ws disconnected> ws://172.18.0.4:4444/session/3080c41bc70178e340a5e7b893b837d2/se/cdp code=1006 reason=
<selenium> disconnecting from sessionId=3080c41bc70178e340a5e7b893b837d2
<selenium> disconnected from sessionId=3080c41bc70178e340a5e7b893b837d2
============================================================
    at X.<anonymous> (C:\Users\JAKUB~1.KAM\AppData\Local\Temp\playwright-java-2814679447285941336\package\lib\server\transport.js:44:16)
    at X.r (C:\Users\JAKUB~1.KAM\AppData\Local\Temp\playwright-java-2814679447285941336\package\lib\utilsBundleImpl.js:38:24151)
    at X.emit (node:events:525:35)
    at fo (C:\Users\JAKUB~1.KAM\AppData\Local\Temp\playwright-java-2814679447285941336\package\lib\utilsBundleImpl.js:38:36211)
    at ClientRequest.<anonymous> (C:\Users\JAKUB~1.KAM\AppData\Local\Temp\playwright-java-2814679447285941336\package\lib\utilsBundleImpl.js:38:34667)
    at ClientRequest.emit (node:events:513:28)
    at Socket.socketErrorListener (node:_http_client:481:9)
    at Socket.emit (node:events:513:28)
    at emitErrorNT (node:internal/streams/destroy:157:8)
    at emitErrorCloseNT (node:internal/streams/destroy:122:3)
}
at com.microsoft.playwright.impl.WaitableResult.get(WaitableResult.java:54)
at com.microsoft.playwright.impl.ChannelOwner.runUntil(ChannelOwner.java:111)
at com.microsoft.playwright.impl.Connection.sendMessage(Connection.java:108)
at com.microsoft.playwright.impl.ChannelOwner.sendMessage(ChannelOwner.java:102)
at com.microsoft.playwright.impl.BrowserTypeImpl.launchImpl(BrowserTypeImpl.java:52)
at com.microsoft.playwright.impl.BrowserTypeImpl.lambda$launch$0(BrowserTypeImpl.java:44)
at com.microsoft.playwright.impl.LoggingSupport.withLogging(LoggingSupport.java:47)
at com.microsoft.playwright.impl.ChannelOwner.withLogging(ChannelOwner.java:87)
at com.microsoft.playwright.impl.BrowserTypeImpl.launch(BrowserTypeImpl.java:44)
at com.microsoft.playwright.impl.BrowserTypeImpl.launch(BrowserTypeImpl.java:35)
at com.qa.opencart.factory.PlaywrightFactory.initBrowser(PlaywrightFactory.java:57)
at com.qa.opencart.base.BaseTest.setup(BaseTest.java:26)
at java.base/jdk.internal.reflect.NativeMethodAccessorImpl.invoke0(Native Method)
at java.base/jdk.internal.reflect.NativeMethodAccessorImpl.invoke(NativeMethodAccessorImpl.java:77)
at java.base/jdk.internal.reflect.DelegatingMethodAccessorImpl.invoke(DelegatingMethodAccessorImpl.java:43)
at java.base/java.lang.reflect.Method.invoke(Method.java:568)
at org.testng.internal.invokers.MethodInvocationHelper.invokeMethod(MethodInvocationHelper.java:139)
at org.testng.internal.invokers.MethodInvocationHelper.invokeMethodConsideringTimeout(MethodInvocationHelper.java:69)
at org.testng.internal.invokers.ConfigInvoker.invokeConfigurationMethod(ConfigInvoker.java:361)
at org.testng.internal.invokers.ConfigInvoker.invokeConfigurations(ConfigInvoker.java:296)
at org.testng.TestRunner.invokeTestConfigurations(TestRunner.java:643)
at org.testng.TestRunner.beforeRun(TestRunner.java:632)
at org.testng.TestRunner.run(TestRunner.java:594)
at org.testng.SuiteRunner.runTest(SuiteRunner.java:433)
at org.testng.SuiteRunner.runSequentially(SuiteRunner.java:427)
at org.testng.SuiteRunner.privateRun(SuiteRunner.java:387)
at org.testng.SuiteRunner.run(SuiteRunner.java:330)
at org.testng.SuiteRunnerWorker.runSuite(SuiteRunnerWorker.java:52)
at org.testng.SuiteRunnerWorker.run(SuiteRunnerWorker.java:95)
at org.testng.TestNG.runSuitesSequentially(TestNG.java:1256)
at org.testng.TestNG.runSuitesLocally(TestNG.java:1176)
at org.testng.TestNG.runSuites(TestNG.java:1099)
at org.testng.TestNG.run(TestNG.java:1067)
at org.apache.maven.surefire.testng.TestNGExecutor.run(TestNGExecutor.java:77)
at org.apache.maven.surefire.testng.TestNGDirectoryTestSuite.executeMulti(TestNGDirectoryTestSuite.java:159)
at org.apache.maven.surefire.testng.TestNGDirectoryTestSuite.execute(TestNGDirectoryTestSuite.java:99)
at org.apache.maven.surefire.testng.TestNGProvider.invoke(TestNGProvider.java:106)
at java.base/jdk.internal.reflect.NativeMethodAccessorImpl.invoke0(Native Method)
at java.base/jdk.internal.reflect.NativeMethodAccessorImpl.invoke(NativeMethodAccessorImpl.java:77)
at java.base/jdk.internal.reflect.DelegatingMethodAccessorImpl.invoke(DelegatingMethodAccessorImpl.java:43)
at java.base/java.lang.reflect.Method.invoke(Method.java:568)
at org.apache.maven.surefire.util.ReflectionUtils.invokeMethodWithArray(ReflectionUtils.java:189)
at org.apache.maven.surefire.booter.ProviderFactory$ProviderProxy.invoke(ProviderFactory.java:165)
at org.apache.maven.surefire.booter.ProviderFactory.invokeProvider(ProviderFactory.java:85)
at org.apache.maven.surefire.booter.ForkedBooter.runSuitesInProcess(ForkedBooter.java:115)
at org.apache.maven.surefire.booter.ForkedBooter.main(ForkedBooter.java:75)
Caused by: com.microsoft.playwright.impl.DriverException: Error {
  message='WebSocket error: connect ETIMEDOUT 172.18.0.4:4444
=========================== logs ===========================
<selenium> connecting to http://localhost:4444/wd/hub/
<selenium> connected to sessionId=3080c41bc70178e340a5e7b893b837d2
<selenium> using selenium v4
<selenium> retrieved endpoint ws://172.18.0.4:4444/session/3080c41bc70178e340a5e7b893b837d2/se/cdp for sessionId=3080c41bc70178e340a5e7b893b837d2
<ws connecting> ws://172.18.0.4:4444/session/3080c41bc70178e340a5e7b893b837d2/se/cdp
<ws error> error connect ETIMEDOUT 172.18.0.4:4444
<ws connect error> ws://172.18.0.4:4444/session/3080c41bc70178e340a5e7b893b837d2/se/cdp connect ETIMEDOUT 172.18.0.4:4444
<ws disconnected> ws://172.18.0.4:4444/session/3080c41bc70178e340a5e7b893b837d2/se/cdp code=1006 reason=
<selenium> disconnecting from sessionId=3080c41bc70178e340a5e7b893b837d2
<selenium> disconnected from sessionId=3080c41bc70178e340a5e7b893b837d2
============================================================
  name='Error
  stack='Error: WebSocket error: connect ETIMEDOUT 172.18.0.4:4444
=========================== logs ===========================
<selenium> connecting to http://localhost:4444/wd/hub/
<selenium> connected to sessionId=3080c41bc70178e340a5e7b893b837d2
<selenium> using selenium v4
<selenium> retrieved endpoint ws://172.18.0.4:4444/session/3080c41bc70178e340a5e7b893b837d2/se/cdp for sessionId=3080c41bc70178e340a5e7b893b837d2
<ws connecting> ws://172.18.0.4:4444/session/3080c41bc70178e340a5e7b893b837d2/se/cdp
<ws error> error connect ETIMEDOUT 172.18.0.4:4444
<ws connect error> ws://172.18.0.4:4444/session/3080c41bc70178e340a5e7b893b837d2/se/cdp connect ETIMEDOUT 172.18.0.4:4444
<ws disconnected> ws://172.18.0.4:4444/session/3080c41bc70178e340a5e7b893b837d2/se/cdp code=1006 reason=
<selenium> disconnecting from sessionId=3080c41bc70178e340a5e7b893b837d2
<selenium> disconnected from sessionId=3080c41bc70178e340a5e7b893b837d2
============================================================
    at X.<anonymous> (C:\Users\JAKUB~1.KAM\AppData\Local\Temp\playwright-java-2814679447285941336\package\lib\server\transport.js:44:16)
    at X.r (C:\Users\JAKUB~1.KAM\AppData\Local\Temp\playwright-java-2814679447285941336\package\lib\utilsBundleImpl.js:38:24151)
    at X.emit (node:events:525:35)
    at fo (C:\Users\JAKUB~1.KAM\AppData\Local\Temp\playwright-java-2814679447285941336\package\lib\utilsBundleImpl.js:38:36211)
    at ClientRequest.<anonymous> (C:\Users\JAKUB~1.KAM\AppData\Local\Temp\playwright-java-2814679447285941336\package\lib\utilsBundleImpl.js:38:34667)
    at ClientRequest.emit (node:events:513:28)
    at Socket.socketErrorListener (node:_http_client:481:9)
    at Socket.emit (node:events:513:28)
    at emitErrorNT (node:internal/streams/destroy:157:8)
    at emitErrorCloseNT (node:internal/streams/destroy:122:3)
}
at com.microsoft.playwright.impl.Connection.dispatch(Connection.java:190)
at com.microsoft.playwright.impl.Connection.processOneMessage(Connection.java:170)
at com.microsoft.playwright.impl.ChannelOwner.runUntil(ChannelOwner.java:109)
... 44 more
]]>
            </full-stacktrace>
          </exception> <!-- com.microsoft.playwright.PlaywrightException -->
          <reporter-output>
          </reporter-output>
        </test-method> <!-- setup -->
        <test-method is-config="true" signature="tearDown()[pri:0, instance:com.qa.opencart.base.BaseTest@6a79c292]" started-at="2023-03-07T12:13:17 CET" name="tearDown" finished-at="2023-03-07T12:13:17 CET" duration-ms="0" status="SKIP">
          <reporter-output>
          </reporter-output>
        </test-method> <!-- tearDown -->
      </class> <!-- com.qa.opencart.base.BaseTest -->
      <class name="com.qa.opencart.tests.HomePageTest">
        <test-method signature="homePageURLTest()[pri:0, instance:com.qa.opencart.tests.HomePageTest@28c4711c]" started-at="2023-03-07T12:13:17 CET" name="homePageURLTest" finished-at="2023-03-07T12:13:17 CET" duration-ms="0" status="SKIP">
          <exception class="com.microsoft.playwright.PlaywrightException">
            <message>
              <![CDATA[Error {
  message='WebSocket error: connect ETIMEDOUT 172.18.0.4:4444
=========================== logs ===========================
<selenium> connecting to http://localhost:4444/wd/hub/
<selenium> connected to sessionId=3080c41bc70178e340a5e7b893b837d2
<selenium> using selenium v4
<selenium> retrieved endpoint ws://172.18.0.4:4444/session/3080c41bc70178e340a5e7b893b837d2/se/cdp for sessionId=3080c41bc70178e340a5e7b893b837d2
<ws connecting> ws://172.18.0.4:4444/session/3080c41bc70178e340a5e7b893b837d2/se/cdp
<ws error> error connect ETIMEDOUT 172.18.0.4:4444
<ws connect error> ws://172.18.0.4:4444/session/3080c41bc70178e340a5e7b893b837d2/se/cdp connect ETIMEDOUT 172.18.0.4:4444
<ws disconnected> ws://172.18.0.4:4444/session/3080c41bc70178e340a5e7b893b837d2/se/cdp code=1006 reason=
<selenium> disconnecting from sessionId=3080c41bc70178e340a5e7b893b837d2
<selenium> disconnected from sessionId=3080c41bc70178e340a5e7b893b837d2
============================================================
  name='Error
  stack='Error: WebSocket error: connect ETIMEDOUT 172.18.0.4:4444
=========================== logs ===========================
<selenium> connecting to http://localhost:4444/wd/hub/
<selenium> connected to sessionId=3080c41bc70178e340a5e7b893b837d2
<selenium> using selenium v4
<selenium> retrieved endpoint ws://172.18.0.4:4444/session/3080c41bc70178e340a5e7b893b837d2/se/cdp for sessionId=3080c41bc70178e340a5e7b893b837d2
<ws connecting> ws://172.18.0.4:4444/session/3080c41bc70178e340a5e7b893b837d2/se/cdp
<ws error> error connect ETIMEDOUT 172.18.0.4:4444
<ws connect error> ws://172.18.0.4:4444/session/3080c41bc70178e340a5e7b893b837d2/se/cdp connect ETIMEDOUT 172.18.0.4:4444
<ws disconnected> ws://172.18.0.4:4444/session/3080c41bc70178e340a5e7b893b837d2/se/cdp code=1006 reason=
<selenium> disconnecting from sessionId=3080c41bc70178e340a5e7b893b837d2
<selenium> disconnected from sessionId=3080c41bc70178e340a5e7b893b837d2
============================================================
    at X.<anonymous> (C:\Users\JAKUB~1.KAM\AppData\Local\Temp\playwright-java-2814679447285941336\package\lib\server\transport.js:44:16)
    at X.r (C:\Users\JAKUB~1.KAM\AppData\Local\Temp\playwright-java-2814679447285941336\package\lib\utilsBundleImpl.js:38:24151)
    at X.emit (node:events:525:35)
    at fo (C:\Users\JAKUB~1.KAM\AppData\Local\Temp\playwright-java-2814679447285941336\package\lib\utilsBundleImpl.js:38:36211)
    at ClientRequest.<anonymous> (C:\Users\JAKUB~1.KAM\AppData\Local\Temp\playwright-java-2814679447285941336\package\lib\utilsBundleImpl.js:38:34667)
    at ClientRequest.emit (node:events:513:28)
    at Socket.socketErrorListener (node:_http_client:481:9)
    at Socket.emit (node:events:513:28)
    at emitErrorNT (node:internal/streams/destroy:157:8)
    at emitErrorCloseNT (node:internal/streams/destroy:122:3)
}]]>
            </message>
            <full-stacktrace>
              <![CDATA[com.microsoft.playwright.PlaywrightException: Error {
  message='WebSocket error: connect ETIMEDOUT 172.18.0.4:4444
=========================== logs ===========================
<selenium> connecting to http://localhost:4444/wd/hub/
<selenium> connected to sessionId=3080c41bc70178e340a5e7b893b837d2
<selenium> using selenium v4
<selenium> retrieved endpoint ws://172.18.0.4:4444/session/3080c41bc70178e340a5e7b893b837d2/se/cdp for sessionId=3080c41bc70178e340a5e7b893b837d2
<ws connecting> ws://172.18.0.4:4444/session/3080c41bc70178e340a5e7b893b837d2/se/cdp
<ws error> error connect ETIMEDOUT 172.18.0.4:4444
<ws connect error> ws://172.18.0.4:4444/session/3080c41bc70178e340a5e7b893b837d2/se/cdp connect ETIMEDOUT 172.18.0.4:4444
<ws disconnected> ws://172.18.0.4:4444/session/3080c41bc70178e340a5e7b893b837d2/se/cdp code=1006 reason=
<selenium> disconnecting from sessionId=3080c41bc70178e340a5e7b893b837d2
<selenium> disconnected from sessionId=3080c41bc70178e340a5e7b893b837d2
============================================================
  name='Error
  stack='Error: WebSocket error: connect ETIMEDOUT 172.18.0.4:4444
=========================== logs ===========================
<selenium> connecting to http://localhost:4444/wd/hub/
<selenium> connected to sessionId=3080c41bc70178e340a5e7b893b837d2
<selenium> using selenium v4
<selenium> retrieved endpoint ws://172.18.0.4:4444/session/3080c41bc70178e340a5e7b893b837d2/se/cdp for sessionId=3080c41bc70178e340a5e7b893b837d2
<ws connecting> ws://172.18.0.4:4444/session/3080c41bc70178e340a5e7b893b837d2/se/cdp
<ws error> error connect ETIMEDOUT 172.18.0.4:4444
<ws connect error> ws://172.18.0.4:4444/session/3080c41bc70178e340a5e7b893b837d2/se/cdp connect ETIMEDOUT 172.18.0.4:4444
<ws disconnected> ws://172.18.0.4:4444/session/3080c41bc70178e340a5e7b893b837d2/se/cdp code=1006 reason=
<selenium> disconnecting from sessionId=3080c41bc70178e340a5e7b893b837d2
<selenium> disconnected from sessionId=3080c41bc70178e340a5e7b893b837d2
============================================================
    at X.<anonymous> (C:\Users\JAKUB~1.KAM\AppData\Local\Temp\playwright-java-2814679447285941336\package\lib\server\transport.js:44:16)
    at X.r (C:\Users\JAKUB~1.KAM\AppData\Local\Temp\playwright-java-2814679447285941336\package\lib\utilsBundleImpl.js:38:24151)
    at X.emit (node:events:525:35)
    at fo (C:\Users\JAKUB~1.KAM\AppData\Local\Temp\playwright-java-2814679447285941336\package\lib\utilsBundleImpl.js:38:36211)
    at ClientRequest.<anonymous> (C:\Users\JAKUB~1.KAM\AppData\Local\Temp\playwright-java-2814679447285941336\package\lib\utilsBundleImpl.js:38:34667)
    at ClientRequest.emit (node:events:513:28)
    at Socket.socketErrorListener (node:_http_client:481:9)
    at Socket.emit (node:events:513:28)
    at emitErrorNT (node:internal/streams/destroy:157:8)
    at emitErrorCloseNT (node:internal/streams/destroy:122:3)
}
at com.microsoft.playwright.impl.WaitableResult.get(WaitableResult.java:54)
at com.microsoft.playwright.impl.ChannelOwner.runUntil(ChannelOwner.java:111)
at com.microsoft.playwright.impl.Connection.sendMessage(Connection.java:108)
at com.microsoft.playwright.impl.ChannelOwner.sendMessage(ChannelOwner.java:102)
at com.microsoft.playwright.impl.BrowserTypeImpl.launchImpl(BrowserTypeImpl.java:52)
at com.microsoft.playwright.impl.BrowserTypeImpl.lambda$launch$0(BrowserTypeImpl.java:44)
at com.microsoft.playwright.impl.LoggingSupport.withLogging(LoggingSupport.java:47)
at com.microsoft.playwright.impl.ChannelOwner.withLogging(ChannelOwner.java:87)
at com.microsoft.playwright.impl.BrowserTypeImpl.launch(BrowserTypeImpl.java:44)
at com.microsoft.playwright.impl.BrowserTypeImpl.launch(BrowserTypeImpl.java:35)
at com.qa.opencart.factory.PlaywrightFactory.initBrowser(PlaywrightFactory.java:57)
at com.qa.opencart.base.BaseTest.setup(BaseTest.java:26)
at java.base/jdk.internal.reflect.NativeMethodAccessorImpl.invoke0(Native Method)
at java.base/jdk.internal.reflect.NativeMethodAccessorImpl.invoke(NativeMethodAccessorImpl.java:77)
at java.base/jdk.internal.reflect.DelegatingMethodAccessorImpl.invoke(DelegatingMethodAccessorImpl.java:43)
at java.base/java.lang.reflect.Method.invoke(Method.java:568)
at org.testng.internal.invokers.MethodInvocationHelper.invokeMethod(MethodInvocationHelper.java:139)
at org.testng.internal.invokers.MethodInvocationHelper.invokeMethodConsideringTimeout(MethodInvocationHelper.java:69)
at org.testng.internal.invokers.ConfigInvoker.invokeConfigurationMethod(ConfigInvoker.java:361)
at org.testng.internal.invokers.ConfigInvoker.invokeConfigurations(ConfigInvoker.java:296)
at org.testng.TestRunner.invokeTestConfigurations(TestRunner.java:643)
at org.testng.TestRunner.beforeRun(TestRunner.java:632)
at org.testng.TestRunner.run(TestRunner.java:594)
at org.testng.SuiteRunner.runTest(SuiteRunner.java:433)
at org.testng.SuiteRunner.runSequentially(SuiteRunner.java:427)
at org.testng.SuiteRunner.privateRun(SuiteRunner.java:387)
at org.testng.SuiteRunner.run(SuiteRunner.java:330)
at org.testng.SuiteRunnerWorker.runSuite(SuiteRunnerWorker.java:52)
at org.testng.SuiteRunnerWorker.run(SuiteRunnerWorker.java:95)
at org.testng.TestNG.runSuitesSequentially(TestNG.java:1256)
at org.testng.TestNG.runSuitesLocally(TestNG.java:1176)
at org.testng.TestNG.runSuites(TestNG.java:1099)
at org.testng.TestNG.run(TestNG.java:1067)
at org.apache.maven.surefire.testng.TestNGExecutor.run(TestNGExecutor.java:77)
at org.apache.maven.surefire.testng.TestNGDirectoryTestSuite.executeMulti(TestNGDirectoryTestSuite.java:159)
at org.apache.maven.surefire.testng.TestNGDirectoryTestSuite.execute(TestNGDirectoryTestSuite.java:99)
at org.apache.maven.surefire.testng.TestNGProvider.invoke(TestNGProvider.java:106)
at java.base/jdk.internal.reflect.NativeMethodAccessorImpl.invoke0(Native Method)
at java.base/jdk.internal.reflect.NativeMethodAccessorImpl.invoke(NativeMethodAccessorImpl.java:77)
at java.base/jdk.internal.reflect.DelegatingMethodAccessorImpl.invoke(DelegatingMethodAccessorImpl.java:43)
at java.base/java.lang.reflect.Method.invoke(Method.java:568)
at org.apache.maven.surefire.util.ReflectionUtils.invokeMethodWithArray(ReflectionUtils.java:189)
at org.apache.maven.surefire.booter.ProviderFactory$ProviderProxy.invoke(ProviderFactory.java:165)
at org.apache.maven.surefire.booter.ProviderFactory.invokeProvider(ProviderFactory.java:85)
at org.apache.maven.surefire.booter.ForkedBooter.runSuitesInProcess(ForkedBooter.java:115)
at org.apache.maven.surefire.booter.ForkedBooter.main(ForkedBooter.java:75)
Caused by: com.microsoft.playwright.impl.DriverException: Error {
  message='WebSocket error: connect ETIMEDOUT 172.18.0.4:4444
=========================== logs ===========================
<selenium> connecting to http://localhost:4444/wd/hub/
<selenium> connected to sessionId=3080c41bc70178e340a5e7b893b837d2
<selenium> using selenium v4
<selenium> retrieved endpoint ws://172.18.0.4:4444/session/3080c41bc70178e340a5e7b893b837d2/se/cdp for sessionId=3080c41bc70178e340a5e7b893b837d2
<ws connecting> ws://172.18.0.4:4444/session/3080c41bc70178e340a5e7b893b837d2/se/cdp
<ws error> error connect ETIMEDOUT 172.18.0.4:4444
<ws connect error> ws://172.18.0.4:4444/session/3080c41bc70178e340a5e7b893b837d2/se/cdp connect ETIMEDOUT 172.18.0.4:4444
<ws disconnected> ws://172.18.0.4:4444/session/3080c41bc70178e340a5e7b893b837d2/se/cdp code=1006 reason=
<selenium> disconnecting from sessionId=3080c41bc70178e340a5e7b893b837d2
<selenium> disconnected from sessionId=3080c41bc70178e340a5e7b893b837d2
============================================================
  name='Error
  stack='Error: WebSocket error: connect ETIMEDOUT 172.18.0.4:4444
=========================== logs ===========================
<selenium> connecting to http://localhost:4444/wd/hub/
<selenium> connected to sessionId=3080c41bc70178e340a5e7b893b837d2
<selenium> using selenium v4
<selenium> retrieved endpoint ws://172.18.0.4:4444/session/3080c41bc70178e340a5e7b893b837d2/se/cdp for sessionId=3080c41bc70178e340a5e7b893b837d2
<ws connecting> ws://172.18.0.4:4444/session/3080c41bc70178e340a5e7b893b837d2/se/cdp
<ws error> error connect ETIMEDOUT 172.18.0.4:4444
<ws connect error> ws://172.18.0.4:4444/session/3080c41bc70178e340a5e7b893b837d2/se/cdp connect ETIMEDOUT 172.18.0.4:4444
<ws disconnected> ws://172.18.0.4:4444/session/3080c41bc70178e340a5e7b893b837d2/se/cdp code=1006 reason=
<selenium> disconnecting from sessionId=3080c41bc70178e340a5e7b893b837d2
<selenium> disconnected from sessionId=3080c41bc70178e340a5e7b893b837d2
============================================================
    at X.<anonymous> (C:\Users\JAKUB~1.KAM\AppData\Local\Temp\playwright-java-2814679447285941336\package\lib\server\transport.js:44:16)
    at X.r (C:\Users\JAKUB~1.KAM\AppData\Local\Temp\playwright-java-2814679447285941336\package\lib\utilsBundleImpl.js:38:24151)
    at X.emit (node:events:525:35)
    at fo (C:\Users\JAKUB~1.KAM\AppData\Local\Temp\playwright-java-2814679447285941336\package\lib\utilsBundleImpl.js:38:36211)
    at ClientRequest.<anonymous> (C:\Users\JAKUB~1.KAM\AppData\Local\Temp\playwright-java-2814679447285941336\package\lib\utilsBundleImpl.js:38:34667)
    at ClientRequest.emit (node:events:513:28)
    at Socket.socketErrorListener (node:_http_client:481:9)
    at Socket.emit (node:events:513:28)
    at emitErrorNT (node:internal/streams/destroy:157:8)
    at emitErrorCloseNT (node:internal/streams/destroy:122:3)
}
at com.microsoft.playwright.impl.Connection.dispatch(Connection.java:190)
at com.microsoft.playwright.impl.Connection.processOneMessage(Connection.java:170)
at com.microsoft.playwright.impl.ChannelOwner.runUntil(ChannelOwner.java:109)
... 44 more
]]>
            </full-stacktrace>
          </exception> <!-- com.microsoft.playwright.PlaywrightException -->
          <reporter-output>
          </reporter-output>
        </test-method> <!-- homePageURLTest -->
        <test-method signature="homePageTitleTest()[pri:0, instance:com.qa.opencart.tests.HomePageTest@28c4711c]" started-at="2023-03-07T12:13:17 CET" name="homePageTitleTest" finished-at="2023-03-07T12:13:17 CET" duration-ms="0" status="SKIP">
          <exception class="com.microsoft.playwright.PlaywrightException">
            <message>
              <![CDATA[Error {
  message='WebSocket error: connect ETIMEDOUT 172.18.0.4:4444
=========================== logs ===========================
<selenium> connecting to http://localhost:4444/wd/hub/
<selenium> connected to sessionId=3080c41bc70178e340a5e7b893b837d2
<selenium> using selenium v4
<selenium> retrieved endpoint ws://172.18.0.4:4444/session/3080c41bc70178e340a5e7b893b837d2/se/cdp for sessionId=3080c41bc70178e340a5e7b893b837d2
<ws connecting> ws://172.18.0.4:4444/session/3080c41bc70178e340a5e7b893b837d2/se/cdp
<ws error> error connect ETIMEDOUT 172.18.0.4:4444
<ws connect error> ws://172.18.0.4:4444/session/3080c41bc70178e340a5e7b893b837d2/se/cdp connect ETIMEDOUT 172.18.0.4:4444
<ws disconnected> ws://172.18.0.4:4444/session/3080c41bc70178e340a5e7b893b837d2/se/cdp code=1006 reason=
<selenium> disconnecting from sessionId=3080c41bc70178e340a5e7b893b837d2
<selenium> disconnected from sessionId=3080c41bc70178e340a5e7b893b837d2
============================================================
  name='Error
  stack='Error: WebSocket error: connect ETIMEDOUT 172.18.0.4:4444
=========================== logs ===========================
<selenium> connecting to http://localhost:4444/wd/hub/
<selenium> connected to sessionId=3080c41bc70178e340a5e7b893b837d2
<selenium> using selenium v4
<selenium> retrieved endpoint ws://172.18.0.4:4444/session/3080c41bc70178e340a5e7b893b837d2/se/cdp for sessionId=3080c41bc70178e340a5e7b893b837d2
<ws connecting> ws://172.18.0.4:4444/session/3080c41bc70178e340a5e7b893b837d2/se/cdp
<ws error> error connect ETIMEDOUT 172.18.0.4:4444
<ws connect error> ws://172.18.0.4:4444/session/3080c41bc70178e340a5e7b893b837d2/se/cdp connect ETIMEDOUT 172.18.0.4:4444
<ws disconnected> ws://172.18.0.4:4444/session/3080c41bc70178e340a5e7b893b837d2/se/cdp code=1006 reason=
<selenium> disconnecting from sessionId=3080c41bc70178e340a5e7b893b837d2
<selenium> disconnected from sessionId=3080c41bc70178e340a5e7b893b837d2
============================================================
    at X.<anonymous> (C:\Users\JAKUB~1.KAM\AppData\Local\Temp\playwright-java-2814679447285941336\package\lib\server\transport.js:44:16)
    at X.r (C:\Users\JAKUB~1.KAM\AppData\Local\Temp\playwright-java-2814679447285941336\package\lib\utilsBundleImpl.js:38:24151)
    at X.emit (node:events:525:35)
    at fo (C:\Users\JAKUB~1.KAM\AppData\Local\Temp\playwright-java-2814679447285941336\package\lib\utilsBundleImpl.js:38:36211)
    at ClientRequest.<anonymous> (C:\Users\JAKUB~1.KAM\AppData\Local\Temp\playwright-java-2814679447285941336\package\lib\utilsBundleImpl.js:38:34667)
    at ClientRequest.emit (node:events:513:28)
    at Socket.socketErrorListener (node:_http_client:481:9)
    at Socket.emit (node:events:513:28)
    at emitErrorNT (node:internal/streams/destroy:157:8)
    at emitErrorCloseNT (node:internal/streams/destroy:122:3)
}]]>
            </message>
            <full-stacktrace>
              <![CDATA[com.microsoft.playwright.PlaywrightException: Error {
  message='WebSocket error: connect ETIMEDOUT 172.18.0.4:4444
=========================== logs ===========================
<selenium> connecting to http://localhost:4444/wd/hub/
<selenium> connected to sessionId=3080c41bc70178e340a5e7b893b837d2
<selenium> using selenium v4
<selenium> retrieved endpoint ws://172.18.0.4:4444/session/3080c41bc70178e340a5e7b893b837d2/se/cdp for sessionId=3080c41bc70178e340a5e7b893b837d2
<ws connecting> ws://172.18.0.4:4444/session/3080c41bc70178e340a5e7b893b837d2/se/cdp
<ws error> error connect ETIMEDOUT 172.18.0.4:4444
<ws connect error> ws://172.18.0.4:4444/session/3080c41bc70178e340a5e7b893b837d2/se/cdp connect ETIMEDOUT 172.18.0.4:4444
<ws disconnected> ws://172.18.0.4:4444/session/3080c41bc70178e340a5e7b893b837d2/se/cdp code=1006 reason=
<selenium> disconnecting from sessionId=3080c41bc70178e340a5e7b893b837d2
<selenium> disconnected from sessionId=3080c41bc70178e340a5e7b893b837d2
============================================================
  name='Error
  stack='Error: WebSocket error: connect ETIMEDOUT 172.18.0.4:4444
=========================== logs ===========================
<selenium> connecting to http://localhost:4444/wd/hub/
<selenium> connected to sessionId=3080c41bc70178e340a5e7b893b837d2
<selenium> using selenium v4
<selenium> retrieved endpoint ws://172.18.0.4:4444/session/3080c41bc70178e340a5e7b893b837d2/se/cdp for sessionId=3080c41bc70178e340a5e7b893b837d2
<ws connecting> ws://172.18.0.4:4444/session/3080c41bc70178e340a5e7b893b837d2/se/cdp
<ws error> error connect ETIMEDOUT 172.18.0.4:4444
<ws connect error> ws://172.18.0.4:4444/session/3080c41bc70178e340a5e7b893b837d2/se/cdp connect ETIMEDOUT 172.18.0.4:4444
<ws disconnected> ws://172.18.0.4:4444/session/3080c41bc70178e340a5e7b893b837d2/se/cdp code=1006 reason=
<selenium> disconnecting from sessionId=3080c41bc70178e340a5e7b893b837d2
<selenium> disconnected from sessionId=3080c41bc70178e340a5e7b893b837d2
============================================================
    at X.<anonymous> (C:\Users\JAKUB~1.KAM\AppData\Local\Temp\playwright-java-2814679447285941336\package\lib\server\transport.js:44:16)
    at X.r (C:\Users\JAKUB~1.KAM\AppData\Local\Temp\playwright-java-2814679447285941336\package\lib\utilsBundleImpl.js:38:24151)
    at X.emit (node:events:525:35)
    at fo (C:\Users\JAKUB~1.KAM\AppData\Local\Temp\playwright-java-2814679447285941336\package\lib\utilsBundleImpl.js:38:36211)
    at ClientRequest.<anonymous> (C:\Users\JAKUB~1.KAM\AppData\Local\Temp\playwright-java-2814679447285941336\package\lib\utilsBundleImpl.js:38:34667)
    at ClientRequest.emit (node:events:513:28)
    at Socket.socketErrorListener (node:_http_client:481:9)
    at Socket.emit (node:events:513:28)
    at emitErrorNT (node:internal/streams/destroy:157:8)
    at emitErrorCloseNT (node:internal/streams/destroy:122:3)
}
at com.microsoft.playwright.impl.WaitableResult.get(WaitableResult.java:54)
at com.microsoft.playwright.impl.ChannelOwner.runUntil(ChannelOwner.java:111)
at com.microsoft.playwright.impl.Connection.sendMessage(Connection.java:108)
at com.microsoft.playwright.impl.ChannelOwner.sendMessage(ChannelOwner.java:102)
at com.microsoft.playwright.impl.BrowserTypeImpl.launchImpl(BrowserTypeImpl.java:52)
at com.microsoft.playwright.impl.BrowserTypeImpl.lambda$launch$0(BrowserTypeImpl.java:44)
at com.microsoft.playwright.impl.LoggingSupport.withLogging(LoggingSupport.java:47)
at com.microsoft.playwright.impl.ChannelOwner.withLogging(ChannelOwner.java:87)
at com.microsoft.playwright.impl.BrowserTypeImpl.launch(BrowserTypeImpl.java:44)
at com.microsoft.playwright.impl.BrowserTypeImpl.launch(BrowserTypeImpl.java:35)
at com.qa.opencart.factory.PlaywrightFactory.initBrowser(PlaywrightFactory.java:57)
at com.qa.opencart.base.BaseTest.setup(BaseTest.java:26)
at java.base/jdk.internal.reflect.NativeMethodAccessorImpl.invoke0(Native Method)
at java.base/jdk.internal.reflect.NativeMethodAccessorImpl.invoke(NativeMethodAccessorImpl.java:77)
at java.base/jdk.internal.reflect.DelegatingMethodAccessorImpl.invoke(DelegatingMethodAccessorImpl.java:43)
at java.base/java.lang.reflect.Method.invoke(Method.java:568)
at org.testng.internal.invokers.MethodInvocationHelper.invokeMethod(MethodInvocationHelper.java:139)
at org.testng.internal.invokers.MethodInvocationHelper.invokeMethodConsideringTimeout(MethodInvocationHelper.java:69)
at org.testng.internal.invokers.ConfigInvoker.invokeConfigurationMethod(ConfigInvoker.java:361)
at org.testng.internal.invokers.ConfigInvoker.invokeConfigurations(ConfigInvoker.java:296)
at org.testng.TestRunner.invokeTestConfigurations(TestRunner.java:643)
at org.testng.TestRunner.beforeRun(TestRunner.java:632)
at org.testng.TestRunner.run(TestRunner.java:594)
at org.testng.SuiteRunner.runTest(SuiteRunner.java:433)
at org.testng.SuiteRunner.runSequentially(SuiteRunner.java:427)
at org.testng.SuiteRunner.privateRun(SuiteRunner.java:387)
at org.testng.SuiteRunner.run(SuiteRunner.java:330)
at org.testng.SuiteRunnerWorker.runSuite(SuiteRunnerWorker.java:52)
at org.testng.SuiteRunnerWorker.run(SuiteRunnerWorker.java:95)
at org.testng.TestNG.runSuitesSequentially(TestNG.java:1256)
at org.testng.TestNG.runSuitesLocally(TestNG.java:1176)
at org.testng.TestNG.runSuites(TestNG.java:1099)
at org.testng.TestNG.run(TestNG.java:1067)
at org.apache.maven.surefire.testng.TestNGExecutor.run(TestNGExecutor.java:77)
at org.apache.maven.surefire.testng.TestNGDirectoryTestSuite.executeMulti(TestNGDirectoryTestSuite.java:159)
at org.apache.maven.surefire.testng.TestNGDirectoryTestSuite.execute(TestNGDirectoryTestSuite.java:99)
at org.apache.maven.surefire.testng.TestNGProvider.invoke(TestNGProvider.java:106)
at java.base/jdk.internal.reflect.NativeMethodAccessorImpl.invoke0(Native Method)
at java.base/jdk.internal.reflect.NativeMethodAccessorImpl.invoke(NativeMethodAccessorImpl.java:77)
at java.base/jdk.internal.reflect.DelegatingMethodAccessorImpl.invoke(DelegatingMethodAccessorImpl.java:43)
at java.base/java.lang.reflect.Method.invoke(Method.java:568)
at org.apache.maven.surefire.util.ReflectionUtils.invokeMethodWithArray(ReflectionUtils.java:189)
at org.apache.maven.surefire.booter.ProviderFactory$ProviderProxy.invoke(ProviderFactory.java:165)
at org.apache.maven.surefire.booter.ProviderFactory.invokeProvider(ProviderFactory.java:85)
at org.apache.maven.surefire.booter.ForkedBooter.runSuitesInProcess(ForkedBooter.java:115)
at org.apache.maven.surefire.booter.ForkedBooter.main(ForkedBooter.java:75)
Caused by: com.microsoft.playwright.impl.DriverException: Error {
  message='WebSocket error: connect ETIMEDOUT 172.18.0.4:4444
=========================== logs ===========================
<selenium> connecting to http://localhost:4444/wd/hub/
<selenium> connected to sessionId=3080c41bc70178e340a5e7b893b837d2
<selenium> using selenium v4
<selenium> retrieved endpoint ws://172.18.0.4:4444/session/3080c41bc70178e340a5e7b893b837d2/se/cdp for sessionId=3080c41bc70178e340a5e7b893b837d2
<ws connecting> ws://172.18.0.4:4444/session/3080c41bc70178e340a5e7b893b837d2/se/cdp
<ws error> error connect ETIMEDOUT 172.18.0.4:4444
<ws connect error> ws://172.18.0.4:4444/session/3080c41bc70178e340a5e7b893b837d2/se/cdp connect ETIMEDOUT 172.18.0.4:4444
<ws disconnected> ws://172.18.0.4:4444/session/3080c41bc70178e340a5e7b893b837d2/se/cdp code=1006 reason=
<selenium> disconnecting from sessionId=3080c41bc70178e340a5e7b893b837d2
<selenium> disconnected from sessionId=3080c41bc70178e340a5e7b893b837d2
============================================================
  name='Error
  stack='Error: WebSocket error: connect ETIMEDOUT 172.18.0.4:4444
=========================== logs ===========================
<selenium> connecting to http://localhost:4444/wd/hub/
<selenium> connected to sessionId=3080c41bc70178e340a5e7b893b837d2
<selenium> using selenium v4
<selenium> retrieved endpoint ws://172.18.0.4:4444/session/3080c41bc70178e340a5e7b893b837d2/se/cdp for sessionId=3080c41bc70178e340a5e7b893b837d2
<ws connecting> ws://172.18.0.4:4444/session/3080c41bc70178e340a5e7b893b837d2/se/cdp
<ws error> error connect ETIMEDOUT 172.18.0.4:4444
<ws connect error> ws://172.18.0.4:4444/session/3080c41bc70178e340a5e7b893b837d2/se/cdp connect ETIMEDOUT 172.18.0.4:4444
<ws disconnected> ws://172.18.0.4:4444/session/3080c41bc70178e340a5e7b893b837d2/se/cdp code=1006 reason=
<selenium> disconnecting from sessionId=3080c41bc70178e340a5e7b893b837d2
<selenium> disconnected from sessionId=3080c41bc70178e340a5e7b893b837d2
============================================================
    at X.<anonymous> (C:\Users\JAKUB~1.KAM\AppData\Local\Temp\playwright-java-2814679447285941336\package\lib\server\transport.js:44:16)
    at X.r (C:\Users\JAKUB~1.KAM\AppData\Local\Temp\playwright-java-2814679447285941336\package\lib\utilsBundleImpl.js:38:24151)
    at X.emit (node:events:525:35)
    at fo (C:\Users\JAKUB~1.KAM\AppData\Local\Temp\playwright-java-2814679447285941336\package\lib\utilsBundleImpl.js:38:36211)
    at ClientRequest.<anonymous> (C:\Users\JAKUB~1.KAM\AppData\Local\Temp\playwright-java-2814679447285941336\package\lib\utilsBundleImpl.js:38:34667)
    at ClientRequest.emit (node:events:513:28)
    at Socket.socketErrorListener (node:_http_client:481:9)
    at Socket.emit (node:events:513:28)
    at emitErrorNT (node:internal/streams/destroy:157:8)
    at emitErrorCloseNT (node:internal/streams/destroy:122:3)
}
at com.microsoft.playwright.impl.Connection.dispatch(Connection.java:190)
at com.microsoft.playwright.impl.Connection.processOneMessage(Connection.java:170)
at com.microsoft.playwright.impl.ChannelOwner.runUntil(ChannelOwner.java:109)
... 44 more
]]>
            </full-stacktrace>
          </exception> <!-- com.microsoft.playwright.PlaywrightException -->
          <reporter-output>
          </reporter-output>
        </test-method> <!-- homePageTitleTest -->
        <test-method signature="searchTest(java.lang.String)[pri:0, instance:com.qa.opencart.tests.HomePageTest@28c4711c]" started-at="2023-03-07T12:13:17 CET" name="searchTest" data-provider="getProductData" finished-at="2023-03-07T12:13:17 CET" duration-ms="0" status="SKIP">
          <params>
            <param index="0">
              <value>
                <![CDATA[Macbook]]>
              </value>
            </param>
          </params>
          <exception class="com.microsoft.playwright.PlaywrightException">
            <message>
              <![CDATA[Error {
  message='WebSocket error: connect ETIMEDOUT 172.18.0.4:4444
=========================== logs ===========================
<selenium> connecting to http://localhost:4444/wd/hub/
<selenium> connected to sessionId=3080c41bc70178e340a5e7b893b837d2
<selenium> using selenium v4
<selenium> retrieved endpoint ws://172.18.0.4:4444/session/3080c41bc70178e340a5e7b893b837d2/se/cdp for sessionId=3080c41bc70178e340a5e7b893b837d2
<ws connecting> ws://172.18.0.4:4444/session/3080c41bc70178e340a5e7b893b837d2/se/cdp
<ws error> error connect ETIMEDOUT 172.18.0.4:4444
<ws connect error> ws://172.18.0.4:4444/session/3080c41bc70178e340a5e7b893b837d2/se/cdp connect ETIMEDOUT 172.18.0.4:4444
<ws disconnected> ws://172.18.0.4:4444/session/3080c41bc70178e340a5e7b893b837d2/se/cdp code=1006 reason=
<selenium> disconnecting from sessionId=3080c41bc70178e340a5e7b893b837d2
<selenium> disconnected from sessionId=3080c41bc70178e340a5e7b893b837d2
============================================================
  name='Error
  stack='Error: WebSocket error: connect ETIMEDOUT 172.18.0.4:4444
=========================== logs ===========================
<selenium> connecting to http://localhost:4444/wd/hub/
<selenium> connected to sessionId=3080c41bc70178e340a5e7b893b837d2
<selenium> using selenium v4
<selenium> retrieved endpoint ws://172.18.0.4:4444/session/3080c41bc70178e340a5e7b893b837d2/se/cdp for sessionId=3080c41bc70178e340a5e7b893b837d2
<ws connecting> ws://172.18.0.4:4444/session/3080c41bc70178e340a5e7b893b837d2/se/cdp
<ws error> error connect ETIMEDOUT 172.18.0.4:4444
<ws connect error> ws://172.18.0.4:4444/session/3080c41bc70178e340a5e7b893b837d2/se/cdp connect ETIMEDOUT 172.18.0.4:4444
<ws disconnected> ws://172.18.0.4:4444/session/3080c41bc70178e340a5e7b893b837d2/se/cdp code=1006 reason=
<selenium> disconnecting from sessionId=3080c41bc70178e340a5e7b893b837d2
<selenium> disconnected from sessionId=3080c41bc70178e340a5e7b893b837d2
============================================================
    at X.<anonymous> (C:\Users\JAKUB~1.KAM\AppData\Local\Temp\playwright-java-2814679447285941336\package\lib\server\transport.js:44:16)
    at X.r (C:\Users\JAKUB~1.KAM\AppData\Local\Temp\playwright-java-2814679447285941336\package\lib\utilsBundleImpl.js:38:24151)
    at X.emit (node:events:525:35)
    at fo (C:\Users\JAKUB~1.KAM\AppData\Local\Temp\playwright-java-2814679447285941336\package\lib\utilsBundleImpl.js:38:36211)
    at ClientRequest.<anonymous> (C:\Users\JAKUB~1.KAM\AppData\Local\Temp\playwright-java-2814679447285941336\package\lib\utilsBundleImpl.js:38:34667)
    at ClientRequest.emit (node:events:513:28)
    at Socket.socketErrorListener (node:_http_client:481:9)
    at Socket.emit (node:events:513:28)
    at emitErrorNT (node:internal/streams/destroy:157:8)
    at emitErrorCloseNT (node:internal/streams/destroy:122:3)
}]]>
            </message>
            <full-stacktrace>
              <![CDATA[com.microsoft.playwright.PlaywrightException: Error {
  message='WebSocket error: connect ETIMEDOUT 172.18.0.4:4444
=========================== logs ===========================
<selenium> connecting to http://localhost:4444/wd/hub/
<selenium> connected to sessionId=3080c41bc70178e340a5e7b893b837d2
<selenium> using selenium v4
<selenium> retrieved endpoint ws://172.18.0.4:4444/session/3080c41bc70178e340a5e7b893b837d2/se/cdp for sessionId=3080c41bc70178e340a5e7b893b837d2
<ws connecting> ws://172.18.0.4:4444/session/3080c41bc70178e340a5e7b893b837d2/se/cdp
<ws error> error connect ETIMEDOUT 172.18.0.4:4444
<ws connect error> ws://172.18.0.4:4444/session/3080c41bc70178e340a5e7b893b837d2/se/cdp connect ETIMEDOUT 172.18.0.4:4444
<ws disconnected> ws://172.18.0.4:4444/session/3080c41bc70178e340a5e7b893b837d2/se/cdp code=1006 reason=
<selenium> disconnecting from sessionId=3080c41bc70178e340a5e7b893b837d2
<selenium> disconnected from sessionId=3080c41bc70178e340a5e7b893b837d2
============================================================
  name='Error
  stack='Error: WebSocket error: connect ETIMEDOUT 172.18.0.4:4444
=========================== logs ===========================
<selenium> connecting to http://localhost:4444/wd/hub/
<selenium> connected to sessionId=3080c41bc70178e340a5e7b893b837d2
<selenium> using selenium v4
<selenium> retrieved endpoint ws://172.18.0.4:4444/session/3080c41bc70178e340a5e7b893b837d2/se/cdp for sessionId=3080c41bc70178e340a5e7b893b837d2
<ws connecting> ws://172.18.0.4:4444/session/3080c41bc70178e340a5e7b893b837d2/se/cdp
<ws error> error connect ETIMEDOUT 172.18.0.4:4444
<ws connect error> ws://172.18.0.4:4444/session/3080c41bc70178e340a5e7b893b837d2/se/cdp connect ETIMEDOUT 172.18.0.4:4444
<ws disconnected> ws://172.18.0.4:4444/session/3080c41bc70178e340a5e7b893b837d2/se/cdp code=1006 reason=
<selenium> disconnecting from sessionId=3080c41bc70178e340a5e7b893b837d2
<selenium> disconnected from sessionId=3080c41bc70178e340a5e7b893b837d2
============================================================
    at X.<anonymous> (C:\Users\JAKUB~1.KAM\AppData\Local\Temp\playwright-java-2814679447285941336\package\lib\server\transport.js:44:16)
    at X.r (C:\Users\JAKUB~1.KAM\AppData\Local\Temp\playwright-java-2814679447285941336\package\lib\utilsBundleImpl.js:38:24151)
    at X.emit (node:events:525:35)
    at fo (C:\Users\JAKUB~1.KAM\AppData\Local\Temp\playwright-java-2814679447285941336\package\lib\utilsBundleImpl.js:38:36211)
    at ClientRequest.<anonymous> (C:\Users\JAKUB~1.KAM\AppData\Local\Temp\playwright-java-2814679447285941336\package\lib\utilsBundleImpl.js:38:34667)
    at ClientRequest.emit (node:events:513:28)
    at Socket.socketErrorListener (node:_http_client:481:9)
    at Socket.emit (node:events:513:28)
    at emitErrorNT (node:internal/streams/destroy:157:8)
    at emitErrorCloseNT (node:internal/streams/destroy:122:3)
}
at com.microsoft.playwright.impl.WaitableResult.get(WaitableResult.java:54)
at com.microsoft.playwright.impl.ChannelOwner.runUntil(ChannelOwner.java:111)
at com.microsoft.playwright.impl.Connection.sendMessage(Connection.java:108)
at com.microsoft.playwright.impl.ChannelOwner.sendMessage(ChannelOwner.java:102)
at com.microsoft.playwright.impl.BrowserTypeImpl.launchImpl(BrowserTypeImpl.java:52)
at com.microsoft.playwright.impl.BrowserTypeImpl.lambda$launch$0(BrowserTypeImpl.java:44)
at com.microsoft.playwright.impl.LoggingSupport.withLogging(LoggingSupport.java:47)
at com.microsoft.playwright.impl.ChannelOwner.withLogging(ChannelOwner.java:87)
at com.microsoft.playwright.impl.BrowserTypeImpl.launch(BrowserTypeImpl.java:44)
at com.microsoft.playwright.impl.BrowserTypeImpl.launch(BrowserTypeImpl.java:35)
at com.qa.opencart.factory.PlaywrightFactory.initBrowser(PlaywrightFactory.java:57)
at com.qa.opencart.base.BaseTest.setup(BaseTest.java:26)
at java.base/jdk.internal.reflect.NativeMethodAccessorImpl.invoke0(Native Method)
at java.base/jdk.internal.reflect.NativeMethodAccessorImpl.invoke(NativeMethodAccessorImpl.java:77)
at java.base/jdk.internal.reflect.DelegatingMethodAccessorImpl.invoke(DelegatingMethodAccessorImpl.java:43)
at java.base/java.lang.reflect.Method.invoke(Method.java:568)
at org.testng.internal.invokers.MethodInvocationHelper.invokeMethod(MethodInvocationHelper.java:139)
at org.testng.internal.invokers.MethodInvocationHelper.invokeMethodConsideringTimeout(MethodInvocationHelper.java:69)
at org.testng.internal.invokers.ConfigInvoker.invokeConfigurationMethod(ConfigInvoker.java:361)
at org.testng.internal.invokers.ConfigInvoker.invokeConfigurations(ConfigInvoker.java:296)
at org.testng.TestRunner.invokeTestConfigurations(TestRunner.java:643)
at org.testng.TestRunner.beforeRun(TestRunner.java:632)
at org.testng.TestRunner.run(TestRunner.java:594)
at org.testng.SuiteRunner.runTest(SuiteRunner.java:433)
at org.testng.SuiteRunner.runSequentially(SuiteRunner.java:427)
at org.testng.SuiteRunner.privateRun(SuiteRunner.java:387)
at org.testng.SuiteRunner.run(SuiteRunner.java:330)
at org.testng.SuiteRunnerWorker.runSuite(SuiteRunnerWorker.java:52)
at org.testng.SuiteRunnerWorker.run(SuiteRunnerWorker.java:95)
at org.testng.TestNG.runSuitesSequentially(TestNG.java:1256)
at org.testng.TestNG.runSuitesLocally(TestNG.java:1176)
at org.testng.TestNG.runSuites(TestNG.java:1099)
at org.testng.TestNG.run(TestNG.java:1067)
at org.apache.maven.surefire.testng.TestNGExecutor.run(TestNGExecutor.java:77)
at org.apache.maven.surefire.testng.TestNGDirectoryTestSuite.executeMulti(TestNGDirectoryTestSuite.java:159)
at org.apache.maven.surefire.testng.TestNGDirectoryTestSuite.execute(TestNGDirectoryTestSuite.java:99)
at org.apache.maven.surefire.testng.TestNGProvider.invoke(TestNGProvider.java:106)
at java.base/jdk.internal.reflect.NativeMethodAccessorImpl.invoke0(Native Method)
at java.base/jdk.internal.reflect.NativeMethodAccessorImpl.invoke(NativeMethodAccessorImpl.java:77)
at java.base/jdk.internal.reflect.DelegatingMethodAccessorImpl.invoke(DelegatingMethodAccessorImpl.java:43)
at java.base/java.lang.reflect.Method.invoke(Method.java:568)
at org.apache.maven.surefire.util.ReflectionUtils.invokeMethodWithArray(ReflectionUtils.java:189)
at org.apache.maven.surefire.booter.ProviderFactory$ProviderProxy.invoke(ProviderFactory.java:165)
at org.apache.maven.surefire.booter.ProviderFactory.invokeProvider(ProviderFactory.java:85)
at org.apache.maven.surefire.booter.ForkedBooter.runSuitesInProcess(ForkedBooter.java:115)
at org.apache.maven.surefire.booter.ForkedBooter.main(ForkedBooter.java:75)
Caused by: com.microsoft.playwright.impl.DriverException: Error {
  message='WebSocket error: connect ETIMEDOUT 172.18.0.4:4444
=========================== logs ===========================
<selenium> connecting to http://localhost:4444/wd/hub/
<selenium> connected to sessionId=3080c41bc70178e340a5e7b893b837d2
<selenium> using selenium v4
<selenium> retrieved endpoint ws://172.18.0.4:4444/session/3080c41bc70178e340a5e7b893b837d2/se/cdp for sessionId=3080c41bc70178e340a5e7b893b837d2
<ws connecting> ws://172.18.0.4:4444/session/3080c41bc70178e340a5e7b893b837d2/se/cdp
<ws error> error connect ETIMEDOUT 172.18.0.4:4444
<ws connect error> ws://172.18.0.4:4444/session/3080c41bc70178e340a5e7b893b837d2/se/cdp connect ETIMEDOUT 172.18.0.4:4444
<ws disconnected> ws://172.18.0.4:4444/session/3080c41bc70178e340a5e7b893b837d2/se/cdp code=1006 reason=
<selenium> disconnecting from sessionId=3080c41bc70178e340a5e7b893b837d2
<selenium> disconnected from sessionId=3080c41bc70178e340a5e7b893b837d2
============================================================
  name='Error
  stack='Error: WebSocket error: connect ETIMEDOUT 172.18.0.4:4444
=========================== logs ===========================
<selenium> connecting to http://localhost:4444/wd/hub/
<selenium> connected to sessionId=3080c41bc70178e340a5e7b893b837d2
<selenium> using selenium v4
<selenium> retrieved endpoint ws://172.18.0.4:4444/session/3080c41bc70178e340a5e7b893b837d2/se/cdp for sessionId=3080c41bc70178e340a5e7b893b837d2
<ws connecting> ws://172.18.0.4:4444/session/3080c41bc70178e340a5e7b893b837d2/se/cdp
<ws error> error connect ETIMEDOUT 172.18.0.4:4444
<ws connect error> ws://172.18.0.4:4444/session/3080c41bc70178e340a5e7b893b837d2/se/cdp connect ETIMEDOUT 172.18.0.4:4444
<ws disconnected> ws://172.18.0.4:4444/session/3080c41bc70178e340a5e7b893b837d2/se/cdp code=1006 reason=
<selenium> disconnecting from sessionId=3080c41bc70178e340a5e7b893b837d2
<selenium> disconnected from sessionId=3080c41bc70178e340a5e7b893b837d2
============================================================
    at X.<anonymous> (C:\Users\JAKUB~1.KAM\AppData\Local\Temp\playwright-java-2814679447285941336\package\lib\server\transport.js:44:16)
    at X.r (C:\Users\JAKUB~1.KAM\AppData\Local\Temp\playwright-java-2814679447285941336\package\lib\utilsBundleImpl.js:38:24151)
    at X.emit (node:events:525:35)
    at fo (C:\Users\JAKUB~1.KAM\AppData\Local\Temp\playwright-java-2814679447285941336\package\lib\utilsBundleImpl.js:38:36211)
    at ClientRequest.<anonymous> (C:\Users\JAKUB~1.KAM\AppData\Local\Temp\playwright-java-2814679447285941336\package\lib\utilsBundleImpl.js:38:34667)
    at ClientRequest.emit (node:events:513:28)
    at Socket.socketErrorListener (node:_http_client:481:9)
    at Socket.emit (node:events:513:28)
    at emitErrorNT (node:internal/streams/destroy:157:8)
    at emitErrorCloseNT (node:internal/streams/destroy:122:3)
}
at com.microsoft.playwright.impl.Connection.dispatch(Connection.java:190)
at com.microsoft.playwright.impl.Connection.processOneMessage(Connection.java:170)
at com.microsoft.playwright.impl.ChannelOwner.runUntil(ChannelOwner.java:109)
... 44 more
]]>
            </full-stacktrace>
          </exception> <!-- com.microsoft.playwright.PlaywrightException -->
          <reporter-output>
          </reporter-output>
        </test-method> <!-- searchTest -->
        <test-method signature="searchTest(java.lang.String)[pri:0, instance:com.qa.opencart.tests.HomePageTest@28c4711c]" started-at="2023-03-07T12:13:17 CET" name="searchTest" data-provider="getProductData" finished-at="2023-03-07T12:13:17 CET" duration-ms="0" status="SKIP">
          <params>
            <param index="0">
              <value>
                <![CDATA[Samsung]]>
              </value>
            </param>
          </params>
          <exception class="com.microsoft.playwright.PlaywrightException">
            <message>
              <![CDATA[Error {
  message='WebSocket error: connect ETIMEDOUT 172.18.0.4:4444
=========================== logs ===========================
<selenium> connecting to http://localhost:4444/wd/hub/
<selenium> connected to sessionId=3080c41bc70178e340a5e7b893b837d2
<selenium> using selenium v4
<selenium> retrieved endpoint ws://172.18.0.4:4444/session/3080c41bc70178e340a5e7b893b837d2/se/cdp for sessionId=3080c41bc70178e340a5e7b893b837d2
<ws connecting> ws://172.18.0.4:4444/session/3080c41bc70178e340a5e7b893b837d2/se/cdp
<ws error> error connect ETIMEDOUT 172.18.0.4:4444
<ws connect error> ws://172.18.0.4:4444/session/3080c41bc70178e340a5e7b893b837d2/se/cdp connect ETIMEDOUT 172.18.0.4:4444
<ws disconnected> ws://172.18.0.4:4444/session/3080c41bc70178e340a5e7b893b837d2/se/cdp code=1006 reason=
<selenium> disconnecting from sessionId=3080c41bc70178e340a5e7b893b837d2
<selenium> disconnected from sessionId=3080c41bc70178e340a5e7b893b837d2
============================================================
  name='Error
  stack='Error: WebSocket error: connect ETIMEDOUT 172.18.0.4:4444
=========================== logs ===========================
<selenium> connecting to http://localhost:4444/wd/hub/
<selenium> connected to sessionId=3080c41bc70178e340a5e7b893b837d2
<selenium> using selenium v4
<selenium> retrieved endpoint ws://172.18.0.4:4444/session/3080c41bc70178e340a5e7b893b837d2/se/cdp for sessionId=3080c41bc70178e340a5e7b893b837d2
<ws connecting> ws://172.18.0.4:4444/session/3080c41bc70178e340a5e7b893b837d2/se/cdp
<ws error> error connect ETIMEDOUT 172.18.0.4:4444
<ws connect error> ws://172.18.0.4:4444/session/3080c41bc70178e340a5e7b893b837d2/se/cdp connect ETIMEDOUT 172.18.0.4:4444
<ws disconnected> ws://172.18.0.4:4444/session/3080c41bc70178e340a5e7b893b837d2/se/cdp code=1006 reason=
<selenium> disconnecting from sessionId=3080c41bc70178e340a5e7b893b837d2
<selenium> disconnected from sessionId=3080c41bc70178e340a5e7b893b837d2
============================================================
    at X.<anonymous> (C:\Users\JAKUB~1.KAM\AppData\Local\Temp\playwright-java-2814679447285941336\package\lib\server\transport.js:44:16)
    at X.r (C:\Users\JAKUB~1.KAM\AppData\Local\Temp\playwright-java-2814679447285941336\package\lib\utilsBundleImpl.js:38:24151)
    at X.emit (node:events:525:35)
    at fo (C:\Users\JAKUB~1.KAM\AppData\Local\Temp\playwright-java-2814679447285941336\package\lib\utilsBundleImpl.js:38:36211)
    at ClientRequest.<anonymous> (C:\Users\JAKUB~1.KAM\AppData\Local\Temp\playwright-java-2814679447285941336\package\lib\utilsBundleImpl.js:38:34667)
    at ClientRequest.emit (node:events:513:28)
    at Socket.socketErrorListener (node:_http_client:481:9)
    at Socket.emit (node:events:513:28)
    at emitErrorNT (node:internal/streams/destroy:157:8)
    at emitErrorCloseNT (node:internal/streams/destroy:122:3)
}]]>
            </message>
            <full-stacktrace>
              <![CDATA[com.microsoft.playwright.PlaywrightException: Error {
  message='WebSocket error: connect ETIMEDOUT 172.18.0.4:4444
=========================== logs ===========================
<selenium> connecting to http://localhost:4444/wd/hub/
<selenium> connected to sessionId=3080c41bc70178e340a5e7b893b837d2
<selenium> using selenium v4
<selenium> retrieved endpoint ws://172.18.0.4:4444/session/3080c41bc70178e340a5e7b893b837d2/se/cdp for sessionId=3080c41bc70178e340a5e7b893b837d2
<ws connecting> ws://172.18.0.4:4444/session/3080c41bc70178e340a5e7b893b837d2/se/cdp
<ws error> error connect ETIMEDOUT 172.18.0.4:4444
<ws connect error> ws://172.18.0.4:4444/session/3080c41bc70178e340a5e7b893b837d2/se/cdp connect ETIMEDOUT 172.18.0.4:4444
<ws disconnected> ws://172.18.0.4:4444/session/3080c41bc70178e340a5e7b893b837d2/se/cdp code=1006 reason=
<selenium> disconnecting from sessionId=3080c41bc70178e340a5e7b893b837d2
<selenium> disconnected from sessionId=3080c41bc70178e340a5e7b893b837d2
============================================================
  name='Error
  stack='Error: WebSocket error: connect ETIMEDOUT 172.18.0.4:4444
=========================== logs ===========================
<selenium> connecting to http://localhost:4444/wd/hub/
<selenium> connected to sessionId=3080c41bc70178e340a5e7b893b837d2
<selenium> using selenium v4
<selenium> retrieved endpoint ws://172.18.0.4:4444/session/3080c41bc70178e340a5e7b893b837d2/se/cdp for sessionId=3080c41bc70178e340a5e7b893b837d2
<ws connecting> ws://172.18.0.4:4444/session/3080c41bc70178e340a5e7b893b837d2/se/cdp
<ws error> error connect ETIMEDOUT 172.18.0.4:4444
<ws connect error> ws://172.18.0.4:4444/session/3080c41bc70178e340a5e7b893b837d2/se/cdp connect ETIMEDOUT 172.18.0.4:4444
<ws disconnected> ws://172.18.0.4:4444/session/3080c41bc70178e340a5e7b893b837d2/se/cdp code=1006 reason=
<selenium> disconnecting from sessionId=3080c41bc70178e340a5e7b893b837d2
<selenium> disconnected from sessionId=3080c41bc70178e340a5e7b893b837d2
============================================================
    at X.<anonymous> (C:\Users\JAKUB~1.KAM\AppData\Local\Temp\playwright-java-2814679447285941336\package\lib\server\transport.js:44:16)
    at X.r (C:\Users\JAKUB~1.KAM\AppData\Local\Temp\playwright-java-2814679447285941336\package\lib\utilsBundleImpl.js:38:24151)
    at X.emit (node:events:525:35)
    at fo (C:\Users\JAKUB~1.KAM\AppData\Local\Temp\playwright-java-2814679447285941336\package\lib\utilsBundleImpl.js:38:36211)
    at ClientRequest.<anonymous> (C:\Users\JAKUB~1.KAM\AppData\Local\Temp\playwright-java-2814679447285941336\package\lib\utilsBundleImpl.js:38:34667)
    at ClientRequest.emit (node:events:513:28)
    at Socket.socketErrorListener (node:_http_client:481:9)
    at Socket.emit (node:events:513:28)
    at emitErrorNT (node:internal/streams/destroy:157:8)
    at emitErrorCloseNT (node:internal/streams/destroy:122:3)
}
at com.microsoft.playwright.impl.WaitableResult.get(WaitableResult.java:54)
at com.microsoft.playwright.impl.ChannelOwner.runUntil(ChannelOwner.java:111)
at com.microsoft.playwright.impl.Connection.sendMessage(Connection.java:108)
at com.microsoft.playwright.impl.ChannelOwner.sendMessage(ChannelOwner.java:102)
at com.microsoft.playwright.impl.BrowserTypeImpl.launchImpl(BrowserTypeImpl.java:52)
at com.microsoft.playwright.impl.BrowserTypeImpl.lambda$launch$0(BrowserTypeImpl.java:44)
at com.microsoft.playwright.impl.LoggingSupport.withLogging(LoggingSupport.java:47)
at com.microsoft.playwright.impl.ChannelOwner.withLogging(ChannelOwner.java:87)
at com.microsoft.playwright.impl.BrowserTypeImpl.launch(BrowserTypeImpl.java:44)
at com.microsoft.playwright.impl.BrowserTypeImpl.launch(BrowserTypeImpl.java:35)
at com.qa.opencart.factory.PlaywrightFactory.initBrowser(PlaywrightFactory.java:57)
at com.qa.opencart.base.BaseTest.setup(BaseTest.java:26)
at java.base/jdk.internal.reflect.NativeMethodAccessorImpl.invoke0(Native Method)
at java.base/jdk.internal.reflect.NativeMethodAccessorImpl.invoke(NativeMethodAccessorImpl.java:77)
at java.base/jdk.internal.reflect.DelegatingMethodAccessorImpl.invoke(DelegatingMethodAccessorImpl.java:43)
at java.base/java.lang.reflect.Method.invoke(Method.java:568)
at org.testng.internal.invokers.MethodInvocationHelper.invokeMethod(MethodInvocationHelper.java:139)
at org.testng.internal.invokers.MethodInvocationHelper.invokeMethodConsideringTimeout(MethodInvocationHelper.java:69)
at org.testng.internal.invokers.ConfigInvoker.invokeConfigurationMethod(ConfigInvoker.java:361)
at org.testng.internal.invokers.ConfigInvoker.invokeConfigurations(ConfigInvoker.java:296)
at org.testng.TestRunner.invokeTestConfigurations(TestRunner.java:643)
at org.testng.TestRunner.beforeRun(TestRunner.java:632)
at org.testng.TestRunner.run(TestRunner.java:594)
at org.testng.SuiteRunner.runTest(SuiteRunner.java:433)
at org.testng.SuiteRunner.runSequentially(SuiteRunner.java:427)
at org.testng.SuiteRunner.privateRun(SuiteRunner.java:387)
at org.testng.SuiteRunner.run(SuiteRunner.java:330)
at org.testng.SuiteRunnerWorker.runSuite(SuiteRunnerWorker.java:52)
at org.testng.SuiteRunnerWorker.run(SuiteRunnerWorker.java:95)
at org.testng.TestNG.runSuitesSequentially(TestNG.java:1256)
at org.testng.TestNG.runSuitesLocally(TestNG.java:1176)
at org.testng.TestNG.runSuites(TestNG.java:1099)
at org.testng.TestNG.run(TestNG.java:1067)
at org.apache.maven.surefire.testng.TestNGExecutor.run(TestNGExecutor.java:77)
at org.apache.maven.surefire.testng.TestNGDirectoryTestSuite.executeMulti(TestNGDirectoryTestSuite.java:159)
at org.apache.maven.surefire.testng.TestNGDirectoryTestSuite.execute(TestNGDirectoryTestSuite.java:99)
at org.apache.maven.surefire.testng.TestNGProvider.invoke(TestNGProvider.java:106)
at java.base/jdk.internal.reflect.NativeMethodAccessorImpl.invoke0(Native Method)
at java.base/jdk.internal.reflect.NativeMethodAccessorImpl.invoke(NativeMethodAccessorImpl.java:77)
at java.base/jdk.internal.reflect.DelegatingMethodAccessorImpl.invoke(DelegatingMethodAccessorImpl.java:43)
at java.base/java.lang.reflect.Method.invoke(Method.java:568)
at org.apache.maven.surefire.util.ReflectionUtils.invokeMethodWithArray(ReflectionUtils.java:189)
at org.apache.maven.surefire.booter.ProviderFactory$ProviderProxy.invoke(ProviderFactory.java:165)
at org.apache.maven.surefire.booter.ProviderFactory.invokeProvider(ProviderFactory.java:85)
at org.apache.maven.surefire.booter.ForkedBooter.runSuitesInProcess(ForkedBooter.java:115)
at org.apache.maven.surefire.booter.ForkedBooter.main(ForkedBooter.java:75)
Caused by: com.microsoft.playwright.impl.DriverException: Error {
  message='WebSocket error: connect ETIMEDOUT 172.18.0.4:4444
=========================== logs ===========================
<selenium> connecting to http://localhost:4444/wd/hub/
<selenium> connected to sessionId=3080c41bc70178e340a5e7b893b837d2
<selenium> using selenium v4
<selenium> retrieved endpoint ws://172.18.0.4:4444/session/3080c41bc70178e340a5e7b893b837d2/se/cdp for sessionId=3080c41bc70178e340a5e7b893b837d2
<ws connecting> ws://172.18.0.4:4444/session/3080c41bc70178e340a5e7b893b837d2/se/cdp
<ws error> error connect ETIMEDOUT 172.18.0.4:4444
<ws connect error> ws://172.18.0.4:4444/session/3080c41bc70178e340a5e7b893b837d2/se/cdp connect ETIMEDOUT 172.18.0.4:4444
<ws disconnected> ws://172.18.0.4:4444/session/3080c41bc70178e340a5e7b893b837d2/se/cdp code=1006 reason=
<selenium> disconnecting from sessionId=3080c41bc70178e340a5e7b893b837d2
<selenium> disconnected from sessionId=3080c41bc70178e340a5e7b893b837d2
============================================================
  name='Error
  stack='Error: WebSocket error: connect ETIMEDOUT 172.18.0.4:4444
=========================== logs ===========================
<selenium> connecting to http://localhost:4444/wd/hub/
<selenium> connected to sessionId=3080c41bc70178e340a5e7b893b837d2
<selenium> using selenium v4
<selenium> retrieved endpoint ws://172.18.0.4:4444/session/3080c41bc70178e340a5e7b893b837d2/se/cdp for sessionId=3080c41bc70178e340a5e7b893b837d2
<ws connecting> ws://172.18.0.4:4444/session/3080c41bc70178e340a5e7b893b837d2/se/cdp
<ws error> error connect ETIMEDOUT 172.18.0.4:4444
<ws connect error> ws://172.18.0.4:4444/session/3080c41bc70178e340a5e7b893b837d2/se/cdp connect ETIMEDOUT 172.18.0.4:4444
<ws disconnected> ws://172.18.0.4:4444/session/3080c41bc70178e340a5e7b893b837d2/se/cdp code=1006 reason=
<selenium> disconnecting from sessionId=3080c41bc70178e340a5e7b893b837d2
<selenium> disconnected from sessionId=3080c41bc70178e340a5e7b893b837d2
============================================================
    at X.<anonymous> (C:\Users\JAKUB~1.KAM\AppData\Local\Temp\playwright-java-2814679447285941336\package\lib\server\transport.js:44:16)
    at X.r (C:\Users\JAKUB~1.KAM\AppData\Local\Temp\playwright-java-2814679447285941336\package\lib\utilsBundleImpl.js:38:24151)
    at X.emit (node:events:525:35)
    at fo (C:\Users\JAKUB~1.KAM\AppData\Local\Temp\playwright-java-2814679447285941336\package\lib\utilsBundleImpl.js:38:36211)
    at ClientRequest.<anonymous> (C:\Users\JAKUB~1.KAM\AppData\Local\Temp\playwright-java-2814679447285941336\package\lib\utilsBundleImpl.js:38:34667)
    at ClientRequest.emit (node:events:513:28)
    at Socket.socketErrorListener (node:_http_client:481:9)
    at Socket.emit (node:events:513:28)
    at emitErrorNT (node:internal/streams/destroy:157:8)
    at emitErrorCloseNT (node:internal/streams/destroy:122:3)
}
at com.microsoft.playwright.impl.Connection.dispatch(Connection.java:190)
at com.microsoft.playwright.impl.Connection.processOneMessage(Connection.java:170)
at com.microsoft.playwright.impl.ChannelOwner.runUntil(ChannelOwner.java:109)
... 44 more
]]>
            </full-stacktrace>
          </exception> <!-- com.microsoft.playwright.PlaywrightException -->
          <reporter-output>
          </reporter-output>
        </test-method> <!-- searchTest -->
        <test-method signature="searchTest(java.lang.String)[pri:0, instance:com.qa.opencart.tests.HomePageTest@28c4711c]" started-at="2023-03-07T12:13:17 CET" name="searchTest" data-provider="getProductData" finished-at="2023-03-07T12:13:17 CET" duration-ms="0" status="SKIP">
          <params>
            <param index="0">
              <value>
                <![CDATA[iMac]]>
              </value>
            </param>
          </params>
          <exception class="com.microsoft.playwright.PlaywrightException">
            <message>
              <![CDATA[Error {
  message='WebSocket error: connect ETIMEDOUT 172.18.0.4:4444
=========================== logs ===========================
<selenium> connecting to http://localhost:4444/wd/hub/
<selenium> connected to sessionId=3080c41bc70178e340a5e7b893b837d2
<selenium> using selenium v4
<selenium> retrieved endpoint ws://172.18.0.4:4444/session/3080c41bc70178e340a5e7b893b837d2/se/cdp for sessionId=3080c41bc70178e340a5e7b893b837d2
<ws connecting> ws://172.18.0.4:4444/session/3080c41bc70178e340a5e7b893b837d2/se/cdp
<ws error> error connect ETIMEDOUT 172.18.0.4:4444
<ws connect error> ws://172.18.0.4:4444/session/3080c41bc70178e340a5e7b893b837d2/se/cdp connect ETIMEDOUT 172.18.0.4:4444
<ws disconnected> ws://172.18.0.4:4444/session/3080c41bc70178e340a5e7b893b837d2/se/cdp code=1006 reason=
<selenium> disconnecting from sessionId=3080c41bc70178e340a5e7b893b837d2
<selenium> disconnected from sessionId=3080c41bc70178e340a5e7b893b837d2
============================================================
  name='Error
  stack='Error: WebSocket error: connect ETIMEDOUT 172.18.0.4:4444
=========================== logs ===========================
<selenium> connecting to http://localhost:4444/wd/hub/
<selenium> connected to sessionId=3080c41bc70178e340a5e7b893b837d2
<selenium> using selenium v4
<selenium> retrieved endpoint ws://172.18.0.4:4444/session/3080c41bc70178e340a5e7b893b837d2/se/cdp for sessionId=3080c41bc70178e340a5e7b893b837d2
<ws connecting> ws://172.18.0.4:4444/session/3080c41bc70178e340a5e7b893b837d2/se/cdp
<ws error> error connect ETIMEDOUT 172.18.0.4:4444
<ws connect error> ws://172.18.0.4:4444/session/3080c41bc70178e340a5e7b893b837d2/se/cdp connect ETIMEDOUT 172.18.0.4:4444
<ws disconnected> ws://172.18.0.4:4444/session/3080c41bc70178e340a5e7b893b837d2/se/cdp code=1006 reason=
<selenium> disconnecting from sessionId=3080c41bc70178e340a5e7b893b837d2
<selenium> disconnected from sessionId=3080c41bc70178e340a5e7b893b837d2
============================================================
    at X.<anonymous> (C:\Users\JAKUB~1.KAM\AppData\Local\Temp\playwright-java-2814679447285941336\package\lib\server\transport.js:44:16)
    at X.r (C:\Users\JAKUB~1.KAM\AppData\Local\Temp\playwright-java-2814679447285941336\package\lib\utilsBundleImpl.js:38:24151)
    at X.emit (node:events:525:35)
    at fo (C:\Users\JAKUB~1.KAM\AppData\Local\Temp\playwright-java-2814679447285941336\package\lib\utilsBundleImpl.js:38:36211)
    at ClientRequest.<anonymous> (C:\Users\JAKUB~1.KAM\AppData\Local\Temp\playwright-java-2814679447285941336\package\lib\utilsBundleImpl.js:38:34667)
    at ClientRequest.emit (node:events:513:28)
    at Socket.socketErrorListener (node:_http_client:481:9)
    at Socket.emit (node:events:513:28)
    at emitErrorNT (node:internal/streams/destroy:157:8)
    at emitErrorCloseNT (node:internal/streams/destroy:122:3)
}]]>
            </message>
            <full-stacktrace>
              <![CDATA[com.microsoft.playwright.PlaywrightException: Error {
  message='WebSocket error: connect ETIMEDOUT 172.18.0.4:4444
=========================== logs ===========================
<selenium> connecting to http://localhost:4444/wd/hub/
<selenium> connected to sessionId=3080c41bc70178e340a5e7b893b837d2
<selenium> using selenium v4
<selenium> retrieved endpoint ws://172.18.0.4:4444/session/3080c41bc70178e340a5e7b893b837d2/se/cdp for sessionId=3080c41bc70178e340a5e7b893b837d2
<ws connecting> ws://172.18.0.4:4444/session/3080c41bc70178e340a5e7b893b837d2/se/cdp
<ws error> error connect ETIMEDOUT 172.18.0.4:4444
<ws connect error> ws://172.18.0.4:4444/session/3080c41bc70178e340a5e7b893b837d2/se/cdp connect ETIMEDOUT 172.18.0.4:4444
<ws disconnected> ws://172.18.0.4:4444/session/3080c41bc70178e340a5e7b893b837d2/se/cdp code=1006 reason=
<selenium> disconnecting from sessionId=3080c41bc70178e340a5e7b893b837d2
<selenium> disconnected from sessionId=3080c41bc70178e340a5e7b893b837d2
============================================================
  name='Error
  stack='Error: WebSocket error: connect ETIMEDOUT 172.18.0.4:4444
=========================== logs ===========================
<selenium> connecting to http://localhost:4444/wd/hub/
<selenium> connected to sessionId=3080c41bc70178e340a5e7b893b837d2
<selenium> using selenium v4
<selenium> retrieved endpoint ws://172.18.0.4:4444/session/3080c41bc70178e340a5e7b893b837d2/se/cdp for sessionId=3080c41bc70178e340a5e7b893b837d2
<ws connecting> ws://172.18.0.4:4444/session/3080c41bc70178e340a5e7b893b837d2/se/cdp
<ws error> error connect ETIMEDOUT 172.18.0.4:4444
<ws connect error> ws://172.18.0.4:4444/session/3080c41bc70178e340a5e7b893b837d2/se/cdp connect ETIMEDOUT 172.18.0.4:4444
<ws disconnected> ws://172.18.0.4:4444/session/3080c41bc70178e340a5e7b893b837d2/se/cdp code=1006 reason=
<selenium> disconnecting from sessionId=3080c41bc70178e340a5e7b893b837d2
<selenium> disconnected from sessionId=3080c41bc70178e340a5e7b893b837d2
============================================================
    at X.<anonymous> (C:\Users\JAKUB~1.KAM\AppData\Local\Temp\playwright-java-2814679447285941336\package\lib\server\transport.js:44:16)
    at X.r (C:\Users\JAKUB~1.KAM\AppData\Local\Temp\playwright-java-2814679447285941336\package\lib\utilsBundleImpl.js:38:24151)
    at X.emit (node:events:525:35)
    at fo (C:\Users\JAKUB~1.KAM\AppData\Local\Temp\playwright-java-2814679447285941336\package\lib\utilsBundleImpl.js:38:36211)
    at ClientRequest.<anonymous> (C:\Users\JAKUB~1.KAM\AppData\Local\Temp\playwright-java-2814679447285941336\package\lib\utilsBundleImpl.js:38:34667)
    at ClientRequest.emit (node:events:513:28)
    at Socket.socketErrorListener (node:_http_client:481:9)
    at Socket.emit (node:events:513:28)
    at emitErrorNT (node:internal/streams/destroy:157:8)
    at emitErrorCloseNT (node:internal/streams/destroy:122:3)
}
at com.microsoft.playwright.impl.WaitableResult.get(WaitableResult.java:54)
at com.microsoft.playwright.impl.ChannelOwner.runUntil(ChannelOwner.java:111)
at com.microsoft.playwright.impl.Connection.sendMessage(Connection.java:108)
at com.microsoft.playwright.impl.ChannelOwner.sendMessage(ChannelOwner.java:102)
at com.microsoft.playwright.impl.BrowserTypeImpl.launchImpl(BrowserTypeImpl.java:52)
at com.microsoft.playwright.impl.BrowserTypeImpl.lambda$launch$0(BrowserTypeImpl.java:44)
at com.microsoft.playwright.impl.LoggingSupport.withLogging(LoggingSupport.java:47)
at com.microsoft.playwright.impl.ChannelOwner.withLogging(ChannelOwner.java:87)
at com.microsoft.playwright.impl.BrowserTypeImpl.launch(BrowserTypeImpl.java:44)
at com.microsoft.playwright.impl.BrowserTypeImpl.launch(BrowserTypeImpl.java:35)
at com.qa.opencart.factory.PlaywrightFactory.initBrowser(PlaywrightFactory.java:57)
at com.qa.opencart.base.BaseTest.setup(BaseTest.java:26)
at java.base/jdk.internal.reflect.NativeMethodAccessorImpl.invoke0(Native Method)
at java.base/jdk.internal.reflect.NativeMethodAccessorImpl.invoke(NativeMethodAccessorImpl.java:77)
at java.base/jdk.internal.reflect.DelegatingMethodAccessorImpl.invoke(DelegatingMethodAccessorImpl.java:43)
at java.base/java.lang.reflect.Method.invoke(Method.java:568)
at org.testng.internal.invokers.MethodInvocationHelper.invokeMethod(MethodInvocationHelper.java:139)
at org.testng.internal.invokers.MethodInvocationHelper.invokeMethodConsideringTimeout(MethodInvocationHelper.java:69)
at org.testng.internal.invokers.ConfigInvoker.invokeConfigurationMethod(ConfigInvoker.java:361)
at org.testng.internal.invokers.ConfigInvoker.invokeConfigurations(ConfigInvoker.java:296)
at org.testng.TestRunner.invokeTestConfigurations(TestRunner.java:643)
at org.testng.TestRunner.beforeRun(TestRunner.java:632)
at org.testng.TestRunner.run(TestRunner.java:594)
at org.testng.SuiteRunner.runTest(SuiteRunner.java:433)
at org.testng.SuiteRunner.runSequentially(SuiteRunner.java:427)
at org.testng.SuiteRunner.privateRun(SuiteRunner.java:387)
at org.testng.SuiteRunner.run(SuiteRunner.java:330)
at org.testng.SuiteRunnerWorker.runSuite(SuiteRunnerWorker.java:52)
at org.testng.SuiteRunnerWorker.run(SuiteRunnerWorker.java:95)
at org.testng.TestNG.runSuitesSequentially(TestNG.java:1256)
at org.testng.TestNG.runSuitesLocally(TestNG.java:1176)
at org.testng.TestNG.runSuites(TestNG.java:1099)
at org.testng.TestNG.run(TestNG.java:1067)
at org.apache.maven.surefire.testng.TestNGExecutor.run(TestNGExecutor.java:77)
at org.apache.maven.surefire.testng.TestNGDirectoryTestSuite.executeMulti(TestNGDirectoryTestSuite.java:159)
at org.apache.maven.surefire.testng.TestNGDirectoryTestSuite.execute(TestNGDirectoryTestSuite.java:99)
at org.apache.maven.surefire.testng.TestNGProvider.invoke(TestNGProvider.java:106)
at java.base/jdk.internal.reflect.NativeMethodAccessorImpl.invoke0(Native Method)
at java.base/jdk.internal.reflect.NativeMethodAccessorImpl.invoke(NativeMethodAccessorImpl.java:77)
at java.base/jdk.internal.reflect.DelegatingMethodAccessorImpl.invoke(DelegatingMethodAccessorImpl.java:43)
at java.base/java.lang.reflect.Method.invoke(Method.java:568)
at org.apache.maven.surefire.util.ReflectionUtils.invokeMethodWithArray(ReflectionUtils.java:189)
at org.apache.maven.surefire.booter.ProviderFactory$ProviderProxy.invoke(ProviderFactory.java:165)
at org.apache.maven.surefire.booter.ProviderFactory.invokeProvider(ProviderFactory.java:85)
at org.apache.maven.surefire.booter.ForkedBooter.runSuitesInProcess(ForkedBooter.java:115)
at org.apache.maven.surefire.booter.ForkedBooter.main(ForkedBooter.java:75)
Caused by: com.microsoft.playwright.impl.DriverException: Error {
  message='WebSocket error: connect ETIMEDOUT 172.18.0.4:4444
=========================== logs ===========================
<selenium> connecting to http://localhost:4444/wd/hub/
<selenium> connected to sessionId=3080c41bc70178e340a5e7b893b837d2
<selenium> using selenium v4
<selenium> retrieved endpoint ws://172.18.0.4:4444/session/3080c41bc70178e340a5e7b893b837d2/se/cdp for sessionId=3080c41bc70178e340a5e7b893b837d2
<ws connecting> ws://172.18.0.4:4444/session/3080c41bc70178e340a5e7b893b837d2/se/cdp
<ws error> error connect ETIMEDOUT 172.18.0.4:4444
<ws connect error> ws://172.18.0.4:4444/session/3080c41bc70178e340a5e7b893b837d2/se/cdp connect ETIMEDOUT 172.18.0.4:4444
<ws disconnected> ws://172.18.0.4:4444/session/3080c41bc70178e340a5e7b893b837d2/se/cdp code=1006 reason=
<selenium> disconnecting from sessionId=3080c41bc70178e340a5e7b893b837d2
<selenium> disconnected from sessionId=3080c41bc70178e340a5e7b893b837d2
============================================================
  name='Error
  stack='Error: WebSocket error: connect ETIMEDOUT 172.18.0.4:4444
=========================== logs ===========================
<selenium> connecting to http://localhost:4444/wd/hub/
<selenium> connected to sessionId=3080c41bc70178e340a5e7b893b837d2
<selenium> using selenium v4
<selenium> retrieved endpoint ws://172.18.0.4:4444/session/3080c41bc70178e340a5e7b893b837d2/se/cdp for sessionId=3080c41bc70178e340a5e7b893b837d2
<ws connecting> ws://172.18.0.4:4444/session/3080c41bc70178e340a5e7b893b837d2/se/cdp
<ws error> error connect ETIMEDOUT 172.18.0.4:4444
<ws connect error> ws://172.18.0.4:4444/session/3080c41bc70178e340a5e7b893b837d2/se/cdp connect ETIMEDOUT 172.18.0.4:4444
<ws disconnected> ws://172.18.0.4:4444/session/3080c41bc70178e340a5e7b893b837d2/se/cdp code=1006 reason=
<selenium> disconnecting from sessionId=3080c41bc70178e340a5e7b893b837d2
<selenium> disconnected from sessionId=3080c41bc70178e340a5e7b893b837d2
============================================================
    at X.<anonymous> (C:\Users\JAKUB~1.KAM\AppData\Local\Temp\playwright-java-2814679447285941336\package\lib\server\transport.js:44:16)
    at X.r (C:\Users\JAKUB~1.KAM\AppData\Local\Temp\playwright-java-2814679447285941336\package\lib\utilsBundleImpl.js:38:24151)
    at X.emit (node:events:525:35)
    at fo (C:\Users\JAKUB~1.KAM\AppData\Local\Temp\playwright-java-2814679447285941336\package\lib\utilsBundleImpl.js:38:36211)
[...]
at com.microsoft.playwright.impl.LoggingSupport.withLogging(LoggingSupport.java:47)
at com.microsoft.playwright.impl.ChannelOwner.withLogging(ChannelOwner.java:87)
at com.microsoft.playwright.impl.BrowserTypeImpl.launch(BrowserTypeImpl.java:44)
at com.microsoft.playwright.impl.BrowserTypeImpl.launch(BrowserTypeImpl.java:35)
at com.qa.opencart.factory.PlaywrightFactory.initBrowser(PlaywrightFactory.java:57)
at com.qa.opencart.base.BaseTest.setup(BaseTest.java:26)
at java.base/jdk.internal.reflect.NativeMethodAccessorImpl.invoke0(Native Method)
at java.base/jdk.internal.reflect.NativeMethodAccessorImpl.invoke(NativeMethodAccessorImpl.java:77)
at java.base/jdk.internal.reflect.DelegatingMethodAccessorImpl.invoke(DelegatingMethodAccessorImpl.java:43)
at java.base/java.lang.reflect.Method.invoke(Method.java:568)
at org.testng.internal.invokers.MethodInvocationHelper.invokeMethod(MethodInvocationHelper.java:139)
at org.testng.internal.invokers.MethodInvocationHelper.invokeMethodConsideringTimeout(MethodInvocationHelper.java:69)
at org.testng.internal.invokers.ConfigInvoker.invokeConfigurationMethod(ConfigInvoker.java:361)
at org.testng.internal.invokers.ConfigInvoker.invokeConfigurations(ConfigInvoker.java:296)
at org.testng.TestRunner.invokeTestConfigurations(TestRunner.java:643)
at org.testng.TestRunner.beforeRun(TestRunner.java:632)
at org.testng.TestRunner.run(TestRunner.java:594)
at org.testng.SuiteRunner.runTest(SuiteRunner.java:433)
at org.testng.SuiteRunner.runSequentially(SuiteRunner.java:427)
at org.testng.SuiteRunner.privateRun(SuiteRunner.java:387)
at org.testng.SuiteRunner.run(SuiteRunner.java:330)
at org.testng.SuiteRunnerWorker.runSuite(SuiteRunnerWorker.java:52)
at org.testng.SuiteRunnerWorker.run(SuiteRunnerWorker.java:95)
at org.testng.TestNG.runSuitesSequentially(TestNG.java:1256)
at org.testng.TestNG.runSuitesLocally(TestNG.java:1176)
at org.testng.TestNG.runSuites(TestNG.java:1099)
at org.testng.TestNG.run(TestNG.java:1067)
at org.apache.maven.surefire.testng.TestNGExecutor.run(TestNGExecutor.java:77)
at org.apache.maven.surefire.testng.TestNGDirectoryTestSuite.executeMulti(TestNGDirectoryTestSuite.java:159)
at org.apache.maven.surefire.testng.TestNGDirectoryTestSuite.execute(TestNGDirectoryTestSuite.java:99)
at org.apache.maven.surefire.testng.TestNGProvider.invoke(TestNGProvider.java:106)
at java.base/jdk.internal.reflect.NativeMethodAccessorImpl.invoke0(Native Method)
at java.base/jdk.internal.reflect.NativeMethodAccessorImpl.invoke(NativeMethodAccessorImpl.java:77)
at java.base/jdk.internal.reflect.DelegatingMethodAccessorImpl.invoke(DelegatingMethodAccessorImpl.java:43)
at java.base/java.lang.reflect.Method.invoke(Method.java:568)
at org.apache.maven.surefire.util.ReflectionUtils.invokeMethodWithArray(ReflectionUtils.java:189)
at org.apache.maven.surefire.booter.ProviderFactory$ProviderProxy.invoke(ProviderFactory.java:165)
at org.apache.maven.surefire.booter.ProviderFactory.invokeProvider(ProviderFactory.java:85)
at org.apache.maven.surefire.booter.ForkedBooter.runSuitesInProcess(ForkedBooter.java:115)
at org.apache.maven.surefire.booter.ForkedBooter.main(ForkedBooter.java:75)
Caused by: com.microsoft.playwright.impl.DriverException: Error {
  message='WebSocket error: connect ETIMEDOUT 172.18.0.4:4444
=========================== logs ===========================
<selenium> connecting to http://localhost:4444/wd/hub/
<selenium> connected to sessionId=3080c41bc70178e340a5e7b893b837d2
<selenium> using selenium v4
<selenium> retrieved endpoint ws://172.18.0.4:4444/session/3080c41bc70178e340a5e7b893b837d2/se/cdp for sessionId=3080c41bc70178e340a5e7b893b837d2
<ws connecting> ws://172.18.0.4:4444/session/3080c41bc70178e340a5e7b893b837d2/se/cdp
<ws error> error connect ETIMEDOUT 172.18.0.4:4444
<ws connect error> ws://172.18.0.4:4444/session/3080c41bc70178e340a5e7b893b837d2/se/cdp connect ETIMEDOUT 172.18.0.4:4444
<ws disconnected> ws://172.18.0.4:4444/session/3080c41bc70178e340a5e7b893b837d2/se/cdp code=1006 reason=
<selenium> disconnecting from sessionId=3080c41bc70178e340a5e7b893b837d2
<selenium> disconnected from sessionId=3080c41bc70178e340a5e7b893b837d2
============================================================
  name='Error
  stack='Error: WebSocket error: connect ETIMEDOUT 172.18.0.4:4444
=========================== logs ===========================
<selenium> connecting to http://localhost:4444/wd/hub/
<selenium> connected to sessionId=3080c41bc70178e340a5e7b893b837d2
<selenium> using selenium v4
<selenium> retrieved endpoint ws://172.18.0.4:4444/session/3080c41bc70178e340a5e7b893b837d2/se/cdp for sessionId=3080c41bc70178e340a5e7b893b837d2
<ws connecting> ws://172.18.0.4:4444/session/3080c41bc70178e340a5e7b893b837d2/se/cdp
<ws error> error connect ETIMEDOUT 172.18.0.4:4444
<ws connect error> ws://172.18.0.4:4444/session/3080c41bc70178e340a5e7b893b837d2/se/cdp connect ETIMEDOUT 172.18.0.4:4444
<ws disconnected> ws://172.18.0.4:4444/session/3080c41bc70178e340a5e7b893b837d2/se/cdp code=1006 reason=
<selenium> disconnecting from sessionId=3080c41bc70178e340a5e7b893b837d2
<selenium> disconnected from sessionId=3080c41bc70178e340a5e7b893b837d2
============================================================
    at X.<anonymous> (C:\Users\JAKUB~1.KAM\AppData\Local\Temp\playwright-java-2814679447285941336\package\lib\server\transport.js:44:16)
    at X.r (C:\Users\JAKUB~1.KAM\AppData\Local\Temp\playwright-java-2814679447285941336\package\lib\utilsBundleImpl.js:38:24151)
    at X.emit (node:events:525:35)
    at fo (C:\Users\JAKUB~1.KAM\AppData\Local\Temp\playwright-java-2814679447285941336\package\lib\utilsBundleImpl.js:38:36211)
    at ClientRequest.<anonymous> (C:\Users\JAKUB~1.KAM\AppData\Local\Temp\playwright-java-2814679447285941336\package\lib\utilsBundleImpl.js:38:34667)
    at ClientRequest.emit (node:events:513:28)
    at Socket.socketErrorListener (node:_http_client:481:9)
    at Socket.emit (node:events:513:28)
    at emitErrorNT (node:internal/streams/destroy:157:8)
    at emitErrorCloseNT (node:internal/streams/destroy:122:3)
}
at com.microsoft.playwright.impl.Connection.dispatch(Connection.java:190)
at com.microsoft.playwright.impl.Connection.processOneMessage(Connection.java:170)
at com.microsoft.playwright.impl.ChannelOwner.runUntil(ChannelOwner.java:109)
... 44 more
]]>
            </full-stacktrace>
          </exception> <!-- com.microsoft.playwright.PlaywrightException -->
          <reporter-output>
          </reporter-output>
        </test-method> <!-- loginPageNavigationTest -->
        <test-method signature="forgotPwdLinkExistTest()[pri:2, instance:com.qa.opencart.tests.LoginPageTest@59717824]" started-at="2023-03-07T12:13:17 CET" name="forgotPwdLinkExistTest" finished-at="2023-03-07T12:13:17 CET" duration-ms="0" status="SKIP">
          <exception class="com.microsoft.playwright.PlaywrightException">
            <message>
              <![CDATA[Error {
  message='WebSocket error: connect ETIMEDOUT 172.18.0.4:4444
=========================== logs ===========================
<selenium> connecting to http://localhost:4444/wd/hub/
<selenium> connected to sessionId=3080c41bc70178e340a5e7b893b837d2
<selenium> using selenium v4
<selenium> retrieved endpoint ws://172.18.0.4:4444/session/3080c41bc70178e340a5e7b893b837d2/se/cdp for sessionId=3080c41bc70178e340a5e7b893b837d2
<ws connecting> ws://172.18.0.4:4444/session/3080c41bc70178e340a5e7b893b837d2/se/cdp
<ws error> error connect ETIMEDOUT 172.18.0.4:4444
<ws connect error> ws://172.18.0.4:4444/session/3080c41bc70178e340a5e7b893b837d2/se/cdp connect ETIMEDOUT 172.18.0.4:4444
<ws disconnected> ws://172.18.0.4:4444/session/3080c41bc70178e340a5e7b893b837d2/se/cdp code=1006 reason=
<selenium> disconnecting from sessionId=3080c41bc70178e340a5e7b893b837d2
<selenium> disconnected from sessionId=3080c41bc70178e340a5e7b893b837d2
============================================================
  name='Error
  stack='Error: WebSocket error: connect ETIMEDOUT 172.18.0.4:4444
=========================== logs ===========================
<selenium> connecting to http://localhost:4444/wd/hub/
<selenium> connected to sessionId=3080c41bc70178e340a5e7b893b837d2
<selenium> using selenium v4
<selenium> retrieved endpoint ws://172.18.0.4:4444/session/3080c41bc70178e340a5e7b893b837d2/se/cdp for sessionId=3080c41bc70178e340a5e7b893b837d2
<ws connecting> ws://172.18.0.4:4444/session/3080c41bc70178e340a5e7b893b837d2/se/cdp
<ws error> error connect ETIMEDOUT 172.18.0.4:4444
<ws connect error> ws://172.18.0.4:4444/session/3080c41bc70178e340a5e7b893b837d2/se/cdp connect ETIMEDOUT 172.18.0.4:4444
<ws disconnected> ws://172.18.0.4:4444/session/3080c41bc70178e340a5e7b893b837d2/se/cdp code=1006 reason=
<selenium> disconnecting from sessionId=3080c41bc70178e340a5e7b893b837d2
<selenium> disconnected from sessionId=3080c41bc70178e340a5e7b893b837d2
============================================================
    at X.<anonymous> (C:\Users\JAKUB~1.KAM\AppData\Local\Temp\playwright-java-2814679447285941336\package\lib\server\transport.js:44:16)
    at X.r (C:\Users\JAKUB~1.KAM\AppData\Local\Temp\playwright-java-2814679447285941336\package\lib\utilsBundleImpl.js:38:24151)
    at X.emit (node:events:525:35)
    at fo (C:\Users\JAKUB~1.KAM\AppData\Local\Temp\playwright-java-2814679447285941336\package\lib\utilsBundleImpl.js:38:36211)
    at ClientRequest.<anonymous> (C:\Users\JAKUB~1.KAM\AppData\Local\Temp\playwright-java-2814679447285941336\package\lib\utilsBundleImpl.js:38:34667)
    at ClientRequest.emit (node:events:513:28)
    at Socket.socketErrorListener (node:_http_client:481:9)
    at Socket.emit (node:events:513:28)
    at emitErrorNT (node:internal/streams/destroy:157:8)
    at emitErrorCloseNT (node:internal/streams/destroy:122:3)
}]]>
            </message>
            <full-stacktrace>
              <![CDATA[com.microsoft.playwright.PlaywrightException: Error {
  message='WebSocket error: connect ETIMEDOUT 172.18.0.4:4444
=========================== logs ===========================
<selenium> connecting to http://localhost:4444/wd/hub/
<selenium> connected to sessionId=3080c41bc70178e340a5e7b893b837d2
<selenium> using selenium v4
<selenium> retrieved endpoint ws://172.18.0.4:4444/session/3080c41bc70178e340a5e7b893b837d2/se/cdp for sessionId=3080c41bc70178e340a5e7b893b837d2
<ws connecting> ws://172.18.0.4:4444/session/3080c41bc70178e340a5e7b893b837d2/se/cdp
<ws error> error connect ETIMEDOUT 172.18.0.4:4444
<ws connect error> ws://172.18.0.4:4444/session/3080c41bc70178e340a5e7b893b837d2/se/cdp connect ETIMEDOUT 172.18.0.4:4444
<ws disconnected> ws://172.18.0.4:4444/session/3080c41bc70178e340a5e7b893b837d2/se/cdp code=1006 reason=
<selenium> disconnecting from sessionId=3080c41bc70178e340a5e7b893b837d2
<selenium> disconnected from sessionId=3080c41bc70178e340a5e7b893b837d2
============================================================
  name='Error
  stack='Error: WebSocket error: connect ETIMEDOUT 172.18.0.4:4444
=========================== logs ===========================
<selenium> connecting to http://localhost:4444/wd/hub/
<selenium> connected to sessionId=3080c41bc70178e340a5e7b893b837d2
<selenium> using selenium v4
<selenium> retrieved endpoint ws://172.18.0.4:4444/session/3080c41bc70178e340a5e7b893b837d2/se/cdp for sessionId=3080c41bc70178e340a5e7b893b837d2
<ws connecting> ws://172.18.0.4:4444/session/3080c41bc70178e340a5e7b893b837d2/se/cdp
<ws error> error connect ETIMEDOUT 172.18.0.4:4444
<ws connect error> ws://172.18.0.4:4444/session/3080c41bc70178e340a5e7b893b837d2/se/cdp connect ETIMEDOUT 172.18.0.4:4444
<ws disconnected> ws://172.18.0.4:4444/session/3080c41bc70178e340a5e7b893b837d2/se/cdp code=1006 reason=
<selenium> disconnecting from sessionId=3080c41bc70178e340a5e7b893b837d2
<selenium> disconnected from sessionId=3080c41bc70178e340a5e7b893b837d2
============================================================
    at X.<anonymous> (C:\Users\JAKUB~1.KAM\AppData\Local\Temp\playwright-java-2814679447285941336\package\lib\server\transport.js:44:16)
    at X.r (C:\Users\JAKUB~1.KAM\AppData\Local\Temp\playwright-java-2814679447285941336\package\lib\utilsBundleImpl.js:38:24151)
    at X.emit (node:events:525:35)
    at fo (C:\Users\JAKUB~1.KAM\AppData\Local\Temp\playwright-java-2814679447285941336\package\lib\utilsBundleImpl.js:38:36211)
    at ClientRequest.<anonymous> (C:\Users\JAKUB~1.KAM\AppData\Local\Temp\playwright-java-2814679447285941336\package\lib\utilsBundleImpl.js:38:34667)
    at ClientRequest.emit (node:events:513:28)
    at Socket.socketErrorListener (node:_http_client:481:9)
    at Socket.emit (node:events:513:28)
    at emitErrorNT (node:internal/streams/destroy:157:8)
    at emitErrorCloseNT (node:internal/streams/destroy:122:3)
}
at com.microsoft.playwright.impl.WaitableResult.get(WaitableResult.java:54)
at com.microsoft.playwright.impl.ChannelOwner.runUntil(ChannelOwner.java:111)
at com.microsoft.playwright.impl.Connection.sendMessage(Connection.java:108)
at com.microsoft.playwright.impl.ChannelOwner.sendMessage(ChannelOwner.java:102)
at com.microsoft.playwright.impl.BrowserTypeImpl.launchImpl(BrowserTypeImpl.java:52)
at com.microsoft.playwright.impl.BrowserTypeImpl.lambda$launch$0(BrowserTypeImpl.java:44)
at com.microsoft.playwright.impl.LoggingSupport.withLogging(LoggingSupport.java:47)
at com.microsoft.playwright.impl.ChannelOwner.withLogging(ChannelOwner.java:87)
at com.microsoft.playwright.impl.BrowserTypeImpl.launch(BrowserTypeImpl.java:44)
at com.microsoft.playwright.impl.BrowserTypeImpl.launch(BrowserTypeImpl.java:35)
at com.qa.opencart.factory.PlaywrightFactory.initBrowser(PlaywrightFactory.java:57)
at com.qa.opencart.base.BaseTest.setup(BaseTest.java:26)
at java.base/jdk.internal.reflect.NativeMethodAccessorImpl.invoke0(Native Method)
at java.base/jdk.internal.reflect.NativeMethodAccessorImpl.invoke(NativeMethodAccessorImpl.java:77)
at java.base/jdk.internal.reflect.DelegatingMethodAccessorImpl.invoke(DelegatingMethodAccessorImpl.java:43)
at java.base/java.lang.reflect.Method.invoke(Method.java:568)
at org.testng.internal.invokers.MethodInvocationHelper.invokeMethod(MethodInvocationHelper.java:139)
at org.testng.internal.invokers.MethodInvocationHelper.invokeMethodConsideringTimeout(MethodInvocationHelper.java:69)
at org.testng.internal.invokers.ConfigInvoker.invokeConfigurationMethod(ConfigInvoker.java:361)
at org.testng.internal.invokers.ConfigInvoker.invokeConfigurations(ConfigInvoker.java:296)
at org.testng.TestRunner.invokeTestConfigurations(TestRunner.java:643)
at org.testng.TestRunner.beforeRun(TestRunner.java:632)
at org.testng.TestRunner.run(TestRunner.java:594)
at org.testng.SuiteRunner.runTest(SuiteRunner.java:433)
at org.testng.SuiteRunner.runSequentially(SuiteRunner.java:427)
at org.testng.SuiteRunner.privateRun(SuiteRunner.java:387)
at org.testng.SuiteRunner.run(SuiteRunner.java:330)
at org.testng.SuiteRunnerWorker.runSuite(SuiteRunnerWorker.java:52)
at org.testng.SuiteRunnerWorker.run(SuiteRunnerWorker.java:95)
at org.testng.TestNG.runSuitesSequentially(TestNG.java:1256)
at org.testng.TestNG.runSuitesLocally(TestNG.java:1176)
at org.testng.TestNG.runSuites(TestNG.java:1099)
at org.testng.TestNG.run(TestNG.java:1067)
at org.apache.maven.surefire.testng.TestNGExecutor.run(TestNGExecutor.java:77)
at org.apache.maven.surefire.testng.TestNGDirectoryTestSuite.executeMulti(TestNGDirectoryTestSuite.java:159)
at org.apache.maven.surefire.testng.TestNGDirectoryTestSuite.execute(TestNGDirectoryTestSuite.java:99)
at org.apache.maven.surefire.testng.TestNGProvider.invoke(TestNGProvider.java:106)
at java.base/jdk.internal.reflect.NativeMethodAccessorImpl.invoke0(Native Method)
at java.base/jdk.internal.reflect.NativeMethodAccessorImpl.invoke(NativeMethodAccessorImpl.java:77)
at java.base/jdk.internal.reflect.DelegatingMethodAccessorImpl.invoke(DelegatingMethodAccessorImpl.java:43)
at java.base/java.lang.reflect.Method.invoke(Method.java:568)
at org.apache.maven.surefire.util.ReflectionUtils.invokeMethodWithArray(ReflectionUtils.java:189)
at org.apache.maven.surefire.booter.ProviderFactory$ProviderProxy.invoke(ProviderFactory.java:165)
at org.apache.maven.surefire.booter.ProviderFactory.invokeProvider(ProviderFactory.java:85)
at org.apache.maven.surefire.booter.ForkedBooter.runSuitesInProcess(ForkedBooter.java:115)
at org.apache.maven.surefire.booter.ForkedBooter.main(ForkedBooter.java:75)
Caused by: com.microsoft.playwright.impl.DriverException: Error {
  message='WebSocket error: connect ETIMEDOUT 172.18.0.4:4444
=========================== logs ===========================
<selenium> connecting to http://localhost:4444/wd/hub/
<selenium> connected to sessionId=3080c41bc70178e340a5e7b893b837d2
<selenium> using selenium v4
<selenium> retrieved endpoint ws://172.18.0.4:4444/session/3080c41bc70178e340a5e7b893b837d2/se/cdp for sessionId=3080c41bc70178e340a5e7b893b837d2
<ws connecting> ws://172.18.0.4:4444/session/3080c41bc70178e340a5e7b893b837d2/se/cdp
<ws error> error connect ETIMEDOUT 172.18.0.4:4444
<ws connect error> ws://172.18.0.4:4444/session/3080c41bc70178e340a5e7b893b837d2/se/cdp connect ETIMEDOUT 172.18.0.4:4444
<ws disconnected> ws://172.18.0.4:4444/session/3080c41bc70178e340a5e7b893b837d2/se/cdp code=1006 reason=
<selenium> disconnecting from sessionId=3080c41bc70178e340a5e7b893b837d2
<selenium> disconnected from sessionId=3080c41bc70178e340a5e7b893b837d2
============================================================
  name='Error
  stack='Error: WebSocket error: connect ETIMEDOUT 172.18.0.4:4444
=========================== logs ===========================
<selenium> connecting to http://localhost:4444/wd/hub/
<selenium> connected to sessionId=3080c41bc70178e340a5e7b893b837d2
<selenium> using selenium v4
<selenium> retrieved endpoint ws://172.18.0.4:4444/session/3080c41bc70178e340a5e7b893b837d2/se/cdp for sessionId=3080c41bc70178e340a5e7b893b837d2
<ws connecting> ws://172.18.0.4:4444/session/3080c41bc70178e340a5e7b893b837d2/se/cdp
<ws error> error connect ETIMEDOUT 172.18.0.4:4444
<ws connect error> ws://172.18.0.4:4444/session/3080c41bc70178e340a5e7b893b837d2/se/cdp connect ETIMEDOUT 172.18.0.4:4444
<ws disconnected> ws://172.18.0.4:4444/session/3080c41bc70178e340a5e7b893b837d2/se/cdp code=1006 reason=
<selenium> disconnecting from sessionId=3080c41bc70178e340a5e7b893b837d2
<selenium> disconnected from sessionId=3080c41bc70178e340a5e7b893b837d2
============================================================
    at X.<anonymous> (C:\Users\JAKUB~1.KAM\AppData\Local\Temp\playwright-java-2814679447285941336\package\lib\server\transport.js:44:16)
    at X.r (C:\Users\JAKUB~1.KAM\AppData\Local\Temp\playwright-java-2814679447285941336\package\lib\utilsBundleImpl.js:38:24151)
    at X.emit (node:events:525:35)
    at fo (C:\Users\JAKUB~1.KAM\AppData\Local\Temp\playwright-java-2814679447285941336\package\lib\utilsBundleImpl.js:38:36211)
    at ClientRequest.<anonymous> (C:\Users\JAKUB~1.KAM\AppData\Local\Temp\playwright-java-2814679447285941336\package\lib\utilsBundleImpl.js:38:34667)
    at ClientRequest.emit (node:events:513:28)
    at Socket.socketErrorListener (node:_http_client:481:9)
    at Socket.emit (node:events:513:28)
    at emitErrorNT (node:internal/streams/destroy:157:8)
    at emitErrorCloseNT (node:internal/streams/destroy:122:3)
}
at com.microsoft.playwright.impl.Connection.dispatch(Connection.java:190)
at com.microsoft.playwright.impl.Connection.processOneMessage(Connection.java:170)
at com.microsoft.playwright.impl.ChannelOwner.runUntil(ChannelOwner.java:109)
... 44 more
]]>
            </full-stacktrace>
          </exception> <!-- com.microsoft.playwright.PlaywrightException -->
          <reporter-output>
          </reporter-output>
        </test-method> <!-- forgotPwdLinkExistTest -->
      </class> <!-- com.qa.opencart.tests.LoginPageTest -->
    </test> <!-- Command line test -->
  </suite> <!-- Command line suite -->
</testng-results>
